=> parse the args ...
{'arch': 'iresnet18',
 'batch_size': 512,
 'embedding_size': 512,
 'epochs': 33,
 'last_fc_size': 10572,
 'loss_type': 'arcface',
 'lr': 0.1,
 'lr_drop_epoch': [21, 29],
 'lr_drop_ratio': 0.1,
 'momentum': 0.9,
 'print_freq': 100,
 'pth_save_epoch': 1,
 'pth_save_fold': '/face/irving/ckpt/arcface/casia_bl/',
 'resume': None,
 'start_epoch': 0,
 'train_list': '/training/face-group/opensource/CASIA-112/casia_traininfo.list',
 'weight_decay': 0.0005,
 'workers': 8}
=> torch version : 1.8.0
=> ngpus : 8
=> modeling the network ...
=> building the criterion ...
ArcMarginLoss()
=> building the oprimizer ...
SGD (
Parameter Group 0
    dampening: 0
    lr: 0.1
    momentum: 0.9
    nesterov: False
    weight_decay: 0.0005
)
=> building the dataloader ...
=> building the criterion ...
=> starting training engine ...
2021-04-25 23:03:47 | INFO    | Epoch: [0][  0/958]	Time 30.108 (30.108)	Data  1.062 ( 1.062)	ThroughPut 17.01 (17.01)	images/s	Loss 28.645 (28.645)	Acc@1   0.00 (  0.00)	Acc@5   0.00 (  0.00)	LR 0.1000 (0.1000)
2021-04-25 23:04:03 | INFO    | Epoch: [0][100/958]	Time  0.159 ( 0.461)	Data  0.001 ( 0.011)	ThroughPut 3224.88 (3129.23)	images/s	Loss 31.280 (30.009)	Acc@1   0.00 (  0.15)	Acc@5   0.39 (  0.60)	LR 0.1000 (0.1000)
2021-04-25 23:04:19 | INFO    | Epoch: [0][200/958]	Time  0.151 ( 0.313)	Data  0.001 ( 0.006)	ThroughPut 3394.62 (3146.83)	images/s	Loss 32.774 (30.864)	Acc@1   0.98 (  0.31)	Acc@5   2.34 (  1.00)	LR 0.1000 (0.1000)
2021-04-25 23:04:35 | INFO    | Epoch: [0][300/958]	Time  0.152 ( 0.262)	Data  0.001 ( 0.004)	ThroughPut 3372.21 (3172.69)	images/s	Loss 35.133 (31.866)	Acc@1   1.95 (  0.64)	Acc@5   3.91 (  1.80)	LR 0.1000 (0.1000)
2021-04-25 23:04:51 | INFO    | Epoch: [0][400/958]	Time  0.154 ( 0.236)	Data  0.001 ( 0.004)	ThroughPut 3329.26 (3207.43)	images/s	Loss 35.820 (32.717)	Acc@1   4.88 (  1.30)	Acc@5   9.57 (  3.23)	LR 0.1000 (0.1000)
2021-04-25 23:05:07 | INFO    | Epoch: [0][500/958]	Time  0.149 ( 0.220)	Data  0.001 ( 0.003)	ThroughPut 3425.64 (3219.55)	images/s	Loss 35.519 (33.313)	Acc@1  11.13 (  2.48)	Acc@5  20.31 (  5.34)	LR 0.1000 (0.1000)
2021-04-25 23:05:23 | INFO    | Epoch: [0][600/958]	Time  0.150 ( 0.210)	Data  0.001 ( 0.003)	ThroughPut 3423.29 (3228.66)	images/s	Loss 34.433 (33.600)	Acc@1  16.80 (  4.17)	Acc@5  25.98 (  7.98)	LR 0.1000 (0.1000)
2021-04-25 23:05:38 | INFO    | Epoch: [0][700/958]	Time  0.152 ( 0.203)	Data  0.001 ( 0.003)	ThroughPut 3374.54 (3232.43)	images/s	Loss 33.135 (33.653)	Acc@1  20.70 (  6.27)	Acc@5  31.64 ( 10.99)	LR 0.1000 (0.1000)
2021-04-25 23:05:54 | INFO    | Epoch: [0][800/958]	Time  0.137 ( 0.197)	Data  0.001 ( 0.002)	ThroughPut 3740.24 (3246.00)	images/s	Loss 32.414 (33.569)	Acc@1  27.93 (  8.74)	Acc@5  41.80 ( 14.32)	LR 0.1000 (0.1000)
2021-04-25 23:06:10 | INFO    | Epoch: [0][900/958]	Time  0.147 ( 0.192)	Data  0.001 ( 0.002)	ThroughPut 3489.79 (3248.15)	images/s	Loss 31.418 (33.403)	Acc@1  37.50 ( 11.47)	Acc@5  50.00 ( 17.71)	LR 0.1000 (0.1000)
 : save pth for epoch 1
2021-04-25 23:06:22 | INFO    | Epoch: [1][  0/958]	Time  2.461 ( 2.461)	Data  2.220 ( 2.220)	ThroughPut 208.05 (208.05)	images/s	Loss 30.767 (30.767)	Acc@1  45.70 ( 45.70)	Acc@5  59.77 ( 59.77)	LR 0.1000 (0.1000)
2021-04-25 23:06:38 | INFO    | Epoch: [1][100/958]	Time  0.165 ( 0.189)	Data  0.001 ( 0.023)	ThroughPut 3102.74 (3086.65)	images/s	Loss 30.769 (30.400)	Acc@1  47.46 ( 48.39)	Acc@5  60.74 ( 60.50)	LR 0.1000 (0.1000)
2021-04-25 23:06:54 | INFO    | Epoch: [1][200/958]	Time  0.152 ( 0.174)	Data  0.001 ( 0.012)	ThroughPut 3378.57 (3158.76)	images/s	Loss 28.111 (29.906)	Acc@1  57.03 ( 50.92)	Acc@5  69.34 ( 62.76)	LR 0.1000 (0.1000)
2021-04-25 23:07:11 | INFO    | Epoch: [1][300/958]	Time  0.149 ( 0.170)	Data  0.001 ( 0.008)	ThroughPut 3436.36 (3165.89)	images/s	Loss 27.645 (29.339)	Acc@1  56.05 ( 53.32)	Acc@5  67.19 ( 64.87)	LR 0.1000 (0.1000)
2021-04-25 23:07:27 | INFO    | Epoch: [1][400/958]	Time  0.180 ( 0.168)	Data  0.001 ( 0.007)	ThroughPut 2848.99 (3177.85)	images/s	Loss 26.332 (28.729)	Acc@1  63.87 ( 55.66)	Acc@5  74.02 ( 66.82)	LR 0.1000 (0.1000)
2021-04-25 23:07:43 | INFO    | Epoch: [1][500/958]	Time  0.154 ( 0.166)	Data  0.001 ( 0.005)	ThroughPut 3321.68 (3197.55)	images/s	Loss 24.811 (28.137)	Acc@1  67.38 ( 57.77)	Acc@5  78.52 ( 68.56)	LR 0.1000 (0.1000)
2021-04-25 23:07:58 | INFO    | Epoch: [1][600/958]	Time  0.167 ( 0.164)	Data  0.001 ( 0.005)	ThroughPut 3063.16 (3218.88)	images/s	Loss 24.130 (27.565)	Acc@1  70.12 ( 59.68)	Acc@5  77.73 ( 70.09)	LR 0.1000 (0.1000)
2021-04-25 23:08:14 | INFO    | Epoch: [1][700/958]	Time  0.151 ( 0.163)	Data  0.001 ( 0.004)	ThroughPut 3397.83 (3230.95)	images/s	Loss 22.519 (27.012)	Acc@1  74.80 ( 61.38)	Acc@5  81.45 ( 71.40)	LR 0.1000 (0.1000)
2021-04-25 23:08:29 | INFO    | Epoch: [1][800/958]	Time  0.129 ( 0.162)	Data  0.000 ( 0.004)	ThroughPut 3965.20 (3247.98)	images/s	Loss 23.569 (26.508)	Acc@1  70.31 ( 62.88)	Acc@5  79.10 ( 72.56)	LR 0.1000 (0.1000)
2021-04-25 23:08:45 | INFO    | Epoch: [1][900/958]	Time  0.128 ( 0.161)	Data  0.001 ( 0.004)	ThroughPut 4014.53 (3263.36)	images/s	Loss 21.712 (26.033)	Acc@1  75.39 ( 64.23)	Acc@5  81.25 ( 73.58)	LR 0.1000 (0.1000)
 : save pth for epoch 2
2021-04-25 23:08:56 | INFO    | Epoch: [2][  0/958]	Time  2.445 ( 2.445)	Data  2.195 ( 2.195)	ThroughPut 209.38 (209.38)	images/s	Loss 20.600 (20.600)	Acc@1  79.69 ( 79.69)	Acc@5  86.72 ( 86.72)	LR 0.1000 (0.1000)
2021-04-25 23:09:12 | INFO    | Epoch: [2][100/958]	Time  0.155 ( 0.183)	Data  0.001 ( 0.023)	ThroughPut 3305.12 (3203.22)	images/s	Loss 20.333 (20.267)	Acc@1  81.64 ( 80.23)	Acc@5  86.33 ( 85.53)	LR 0.1000 (0.1000)
2021-04-25 23:09:28 | INFO    | Epoch: [2][200/958]	Time  0.159 ( 0.171)	Data  0.001 ( 0.012)	ThroughPut 3227.82 (3217.15)	images/s	Loss 20.418 (20.305)	Acc@1  81.05 ( 80.00)	Acc@5  86.91 ( 85.40)	LR 0.1000 (0.1000)
2021-04-25 23:09:44 | INFO    | Epoch: [2][300/958]	Time  0.161 ( 0.167)	Data  0.001 ( 0.008)	ThroughPut 3171.71 (3236.76)	images/s	Loss 19.931 (20.245)	Acc@1  79.69 ( 80.11)	Acc@5  83.59 ( 85.49)	LR 0.1000 (0.1000)
2021-04-25 23:10:00 | INFO    | Epoch: [2][400/958]	Time  0.144 ( 0.165)	Data  0.001 ( 0.007)	ThroughPut 3558.21 (3235.50)	images/s	Loss 20.411 (20.163)	Acc@1  81.25 ( 80.19)	Acc@5  86.72 ( 85.58)	LR 0.1000 (0.1000)
2021-04-25 23:10:16 | INFO    | Epoch: [2][500/958]	Time  0.125 ( 0.164)	Data  0.001 ( 0.005)	ThroughPut 4080.12 (3253.85)	images/s	Loss 20.208 (20.084)	Acc@1  82.03 ( 80.27)	Acc@5  87.11 ( 85.61)	LR 0.1000 (0.1000)
2021-04-25 23:10:32 | INFO    | Epoch: [2][600/958]	Time  0.162 ( 0.163)	Data  0.001 ( 0.005)	ThroughPut 3161.97 (3254.43)	images/s	Loss 19.135 (19.972)	Acc@1  82.42 ( 80.42)	Acc@5  87.11 ( 85.72)	LR 0.1000 (0.1000)
2021-04-25 23:10:47 | INFO    | Epoch: [2][700/958]	Time  0.152 ( 0.162)	Data  0.001 ( 0.004)	ThroughPut 3366.20 (3265.73)	images/s	Loss 18.747 (19.888)	Acc@1  81.64 ( 80.49)	Acc@5  87.50 ( 85.79)	LR 0.1000 (0.1000)
2021-04-25 23:11:03 | INFO    | Epoch: [2][800/958]	Time  0.144 ( 0.161)	Data  0.001 ( 0.004)	ThroughPut 3545.59 (3266.16)	images/s	Loss 18.313 (19.784)	Acc@1  83.20 ( 80.62)	Acc@5  88.28 ( 85.90)	LR 0.1000 (0.1000)
2021-04-25 23:11:19 | INFO    | Epoch: [2][900/958]	Time  0.165 ( 0.161)	Data  0.013 ( 0.004)	ThroughPut 3108.42 (3270.60)	images/s	Loss 18.433 (19.691)	Acc@1  83.20 ( 80.73)	Acc@5  88.28 ( 85.98)	LR 0.1000 (0.1000)
 : save pth for epoch 3
2021-04-25 23:11:31 | INFO    | Epoch: [3][  0/958]	Time  2.415 ( 2.415)	Data  2.147 ( 2.147)	ThroughPut 212.03 (212.03)	images/s	Loss 16.776 (16.776)	Acc@1  86.91 ( 86.91)	Acc@5  88.48 ( 88.48)	LR 0.1000 (0.1000)
2021-04-25 23:11:47 | INFO    | Epoch: [3][100/958]	Time  0.156 ( 0.183)	Data  0.001 ( 0.022)	ThroughPut 3272.21 (3186.80)	images/s	Loss 17.930 (17.483)	Acc@1  84.38 ( 84.75)	Acc@5  88.87 ( 88.79)	LR 0.1000 (0.1000)
2021-04-25 23:12:03 | INFO    | Epoch: [3][200/958]	Time  0.174 ( 0.173)	Data  0.001 ( 0.012)	ThroughPut 2949.82 (3197.54)	images/s	Loss 19.120 (17.625)	Acc@1  80.47 ( 84.56)	Acc@5  84.77 ( 88.64)	LR 0.1000 (0.1000)
2021-04-25 23:12:19 | INFO    | Epoch: [3][300/958]	Time  0.157 ( 0.166)	Data  0.001 ( 0.008)	ThroughPut 3262.99 (3254.00)	images/s	Loss 17.963 (17.713)	Acc@1  84.18 ( 84.39)	Acc@5  87.30 ( 88.58)	LR 0.1000 (0.1000)
2021-04-25 23:12:35 | INFO    | Epoch: [3][400/958]	Time  0.225 ( 0.165)	Data  0.001 ( 0.006)	ThroughPut 2277.97 (3255.08)	images/s	Loss 17.683 (17.760)	Acc@1  83.59 ( 84.26)	Acc@5  88.48 ( 88.50)	LR 0.1000 (0.1000)
2021-04-25 23:12:50 | INFO    | Epoch: [3][500/958]	Time  0.155 ( 0.163)	Data  0.001 ( 0.005)	ThroughPut 3303.07 (3261.08)	images/s	Loss 17.223 (17.786)	Acc@1  84.77 ( 84.23)	Acc@5  88.09 ( 88.49)	LR 0.1000 (0.1000)
2021-04-25 23:13:06 | INFO    | Epoch: [3][600/958]	Time  0.160 ( 0.163)	Data  0.001 ( 0.005)	ThroughPut 3206.60 (3256.85)	images/s	Loss 18.004 (17.786)	Acc@1  85.35 ( 84.20)	Acc@5  89.06 ( 88.45)	LR 0.1000 (0.1000)
2021-04-25 23:13:22 | INFO    | Epoch: [3][700/958]	Time  0.155 ( 0.162)	Data  0.001 ( 0.004)	ThroughPut 3302.23 (3255.69)	images/s	Loss 18.071 (17.786)	Acc@1  84.38 ( 84.19)	Acc@5  88.48 ( 88.44)	LR 0.1000 (0.1000)
2021-04-25 23:13:38 | INFO    | Epoch: [3][800/958]	Time  0.149 ( 0.162)	Data  0.001 ( 0.004)	ThroughPut 3433.36 (3257.82)	images/s	Loss 17.806 (17.765)	Acc@1  84.18 ( 84.19)	Acc@5  87.30 ( 88.43)	LR 0.1000 (0.1000)
2021-04-25 23:13:54 | INFO    | Epoch: [3][900/958]	Time  0.156 ( 0.161)	Data  0.001 ( 0.003)	ThroughPut 3275.35 (3261.12)	images/s	Loss 16.805 (17.735)	Acc@1  85.35 ( 84.20)	Acc@5  90.62 ( 88.42)	LR 0.1000 (0.1000)
 : save pth for epoch 4
2021-04-25 23:14:06 | INFO    | Epoch: [4][  0/958]	Time  2.500 ( 2.500)	Data  2.281 ( 2.281)	ThroughPut 204.80 (204.80)	images/s	Loss 16.086 (16.086)	Acc@1  86.33 ( 86.33)	Acc@5  89.45 ( 89.45)	LR 0.1000 (0.1000)
2021-04-25 23:14:23 | INFO    | Epoch: [4][100/958]	Time  0.214 ( 0.185)	Data  0.001 ( 0.024)	ThroughPut 2397.10 (3187.94)	images/s	Loss 15.770 (16.272)	Acc@1  87.30 ( 86.51)	Acc@5  90.82 ( 90.10)	LR 0.1000 (0.1000)
2021-04-25 23:14:39 | INFO    | Epoch: [4][200/958]	Time  0.152 ( 0.173)	Data  0.001 ( 0.012)	ThroughPut 3357.44 (3199.14)	images/s	Loss 16.373 (16.477)	Acc@1  87.50 ( 86.29)	Acc@5  90.62 ( 89.93)	LR 0.1000 (0.1000)
2021-04-25 23:14:54 | INFO    | Epoch: [4][300/958]	Time  0.148 ( 0.168)	Data  0.001 ( 0.009)	ThroughPut 3468.70 (3224.31)	images/s	Loss 17.792 (16.566)	Acc@1  83.79 ( 86.24)	Acc@5  88.28 ( 89.92)	LR 0.1000 (0.1000)
2021-04-25 23:15:10 | INFO    | Epoch: [4][400/958]	Time  0.155 ( 0.166)	Data  0.001 ( 0.007)	ThroughPut 3301.52 (3226.72)	images/s	Loss 17.254 (16.671)	Acc@1  83.59 ( 86.05)	Acc@5  88.09 ( 89.78)	LR 0.1000 (0.1000)
2021-04-25 23:15:26 | INFO    | Epoch: [4][500/958]	Time  0.155 ( 0.164)	Data  0.001 ( 0.006)	ThroughPut 3302.62 (3236.99)	images/s	Loss 16.028 (16.718)	Acc@1  86.52 ( 85.91)	Acc@5  90.43 ( 89.67)	LR 0.1000 (0.1000)
2021-04-25 23:15:42 | INFO    | Epoch: [4][600/958]	Time  0.154 ( 0.163)	Data  0.001 ( 0.005)	ThroughPut 3330.04 (3240.31)	images/s	Loss 16.357 (16.738)	Acc@1  86.72 ( 85.86)	Acc@5  90.04 ( 89.65)	LR 0.1000 (0.1000)
2021-04-25 23:15:58 | INFO    | Epoch: [4][700/958]	Time  0.142 ( 0.162)	Data  0.001 ( 0.004)	ThroughPut 3610.08 (3249.46)	images/s	Loss 16.902 (16.758)	Acc@1  84.96 ( 85.79)	Acc@5  89.65 ( 89.60)	LR 0.1000 (0.1000)
2021-04-25 23:16:13 | INFO    | Epoch: [4][800/958]	Time  0.166 ( 0.162)	Data  0.001 ( 0.004)	ThroughPut 3083.53 (3258.34)	images/s	Loss 16.227 (16.777)	Acc@1  86.72 ( 85.72)	Acc@5  88.48 ( 89.53)	LR 0.1000 (0.1000)
2021-04-25 23:16:29 | INFO    | Epoch: [4][900/958]	Time  0.148 ( 0.161)	Data  0.001 ( 0.004)	ThroughPut 3459.39 (3262.22)	images/s	Loss 15.807 (16.779)	Acc@1  88.28 ( 85.69)	Acc@5  91.60 ( 89.51)	LR 0.1000 (0.1000)
 : save pth for epoch 5
2021-04-25 23:16:41 | INFO    | Epoch: [5][  0/958]	Time  2.669 ( 2.669)	Data  2.415 ( 2.415)	ThroughPut 191.86 (191.86)	images/s	Loss 15.615 (15.615)	Acc@1  87.50 ( 87.50)	Acc@5  90.62 ( 90.62)	LR 0.1000 (0.1000)
2021-04-25 23:16:57 | INFO    | Epoch: [5][100/958]	Time  0.152 ( 0.183)	Data  0.001 ( 0.025)	ThroughPut 3372.75 (3223.44)	images/s	Loss 15.135 (15.425)	Acc@1  88.28 ( 87.99)	Acc@5  91.60 ( 91.20)	LR 0.1000 (0.1000)
2021-04-25 23:17:13 | INFO    | Epoch: [5][200/958]	Time  0.152 ( 0.170)	Data  0.001 ( 0.013)	ThroughPut 3378.25 (3258.90)	images/s	Loss 15.525 (15.682)	Acc@1  87.89 ( 87.52)	Acc@5  90.43 ( 90.79)	LR 0.1000 (0.1000)
2021-04-25 23:17:29 | INFO    | Epoch: [5][300/958]	Time  0.153 ( 0.166)	Data  0.001 ( 0.009)	ThroughPut 3351.02 (3275.82)	images/s	Loss 15.938 (15.834)	Acc@1  88.87 ( 87.32)	Acc@5  91.60 ( 90.66)	LR 0.1000 (0.1000)
2021-04-25 23:17:44 | INFO    | Epoch: [5][400/958]	Time  0.149 ( 0.163)	Data  0.001 ( 0.007)	ThroughPut 3441.74 (3289.95)	images/s	Loss 16.377 (15.948)	Acc@1  86.91 ( 87.08)	Acc@5  89.06 ( 90.44)	LR 0.1000 (0.1000)
2021-04-25 23:18:00 | INFO    | Epoch: [5][500/958]	Time  0.151 ( 0.162)	Data  0.001 ( 0.006)	ThroughPut 3389.50 (3292.32)	images/s	Loss 16.589 (16.042)	Acc@1  85.16 ( 86.91)	Acc@5  89.06 ( 90.32)	LR 0.1000 (0.1000)
2021-04-25 23:18:15 | INFO    | Epoch: [5][600/958]	Time  0.157 ( 0.161)	Data  0.000 ( 0.005)	ThroughPut 3251.28 (3295.77)	images/s	Loss 16.766 (16.089)	Acc@1  85.55 ( 86.79)	Acc@5  87.70 ( 90.24)	LR 0.1000 (0.1000)
2021-04-25 23:18:31 | INFO    | Epoch: [5][700/958]	Time  0.162 ( 0.160)	Data  0.001 ( 0.004)	ThroughPut 3158.90 (3303.01)	images/s	Loss 15.727 (16.127)	Acc@1  86.91 ( 86.69)	Acc@5  91.21 ( 90.16)	LR 0.1000 (0.1000)
2021-04-25 23:18:47 | INFO    | Epoch: [5][800/958]	Time  0.154 ( 0.160)	Data  0.001 ( 0.004)	ThroughPut 3316.30 (3300.65)	images/s	Loss 15.913 (16.160)	Acc@1  88.48 ( 86.62)	Acc@5  91.60 ( 90.12)	LR 0.1000 (0.1000)
2021-04-25 23:19:02 | INFO    | Epoch: [5][900/958]	Time  0.150 ( 0.159)	Data  0.001 ( 0.004)	ThroughPut 3420.70 (3300.03)	images/s	Loss 16.013 (16.176)	Acc@1  87.30 ( 86.58)	Acc@5  89.06 ( 90.10)	LR 0.1000 (0.1000)
 : save pth for epoch 6
2021-04-25 23:19:15 | INFO    | Epoch: [6][  0/958]	Time  2.476 ( 2.476)	Data  2.165 ( 2.165)	ThroughPut 206.79 (206.79)	images/s	Loss 14.767 (14.767)	Acc@1  88.67 ( 88.67)	Acc@5  91.02 ( 91.02)	LR 0.1000 (0.1000)
2021-04-25 23:19:31 | INFO    | Epoch: [6][100/958]	Time  0.152 ( 0.184)	Data  0.001 ( 0.023)	ThroughPut 3361.05 (3187.04)	images/s	Loss 14.598 (15.089)	Acc@1  88.87 ( 88.31)	Acc@5  92.97 ( 91.32)	LR 0.1000 (0.1000)
2021-04-25 23:19:47 | INFO    | Epoch: [6][200/958]	Time  0.151 ( 0.172)	Data  0.001 ( 0.012)	ThroughPut 3395.79 (3203.19)	images/s	Loss 15.315 (15.282)	Acc@1  87.30 ( 88.03)	Acc@5  91.21 ( 91.13)	LR 0.1000 (0.1000)
2021-04-25 23:20:03 | INFO    | Epoch: [6][300/958]	Time  0.154 ( 0.168)	Data  0.001 ( 0.008)	ThroughPut 3319.40 (3226.24)	images/s	Loss 15.622 (15.418)	Acc@1  87.50 ( 87.85)	Acc@5  90.43 ( 90.94)	LR 0.1000 (0.1000)
2021-04-25 23:20:18 | INFO    | Epoch: [6][400/958]	Time  0.158 ( 0.165)	Data  0.001 ( 0.006)	ThroughPut 3230.74 (3241.99)	images/s	Loss 15.492 (15.531)	Acc@1  87.50 ( 87.63)	Acc@5  91.41 ( 90.81)	LR 0.1000 (0.1000)
2021-04-25 23:20:34 | INFO    | Epoch: [6][500/958]	Time  0.151 ( 0.164)	Data  0.001 ( 0.005)	ThroughPut 3394.67 (3244.99)	images/s	Loss 16.118 (15.610)	Acc@1  87.11 ( 87.47)	Acc@5  89.26 ( 90.72)	LR 0.1000 (0.1000)
2021-04-25 23:20:50 | INFO    | Epoch: [6][600/958]	Time  0.159 ( 0.163)	Data  0.001 ( 0.005)	ThroughPut 3210.74 (3244.07)	images/s	Loss 15.645 (15.649)	Acc@1  86.91 ( 87.40)	Acc@5  89.84 ( 90.68)	LR 0.1000 (0.1000)
2021-04-25 23:21:06 | INFO    | Epoch: [6][700/958]	Time  0.141 ( 0.162)	Data  0.001 ( 0.004)	ThroughPut 3641.99 (3251.31)	images/s	Loss 15.960 (15.676)	Acc@1  86.33 ( 87.36)	Acc@5  90.04 ( 90.66)	LR 0.1000 (0.1000)
2021-04-25 23:21:22 | INFO    | Epoch: [6][800/958]	Time  0.162 ( 0.162)	Data  0.001 ( 0.004)	ThroughPut 3169.86 (3253.24)	images/s	Loss 15.993 (15.715)	Acc@1  87.30 ( 87.27)	Acc@5  91.21 ( 90.60)	LR 0.1000 (0.1000)
2021-04-25 23:21:38 | INFO    | Epoch: [6][900/958]	Time  0.160 ( 0.161)	Data  0.001 ( 0.003)	ThroughPut 3206.47 (3255.62)	images/s	Loss 15.632 (15.746)	Acc@1  87.70 ( 87.20)	Acc@5  91.41 ( 90.55)	LR 0.1000 (0.1000)
 : save pth for epoch 7
2021-04-25 23:21:50 | INFO    | Epoch: [7][  0/958]	Time  2.392 ( 2.392)	Data  2.166 ( 2.166)	ThroughPut 214.03 (214.03)	images/s	Loss 14.711 (14.711)	Acc@1  89.06 ( 89.06)	Acc@5  91.21 ( 91.21)	LR 0.1000 (0.1000)
2021-04-25 23:22:06 | INFO    | Epoch: [7][100/958]	Time  0.134 ( 0.185)	Data  0.001 ( 0.023)	ThroughPut 3811.70 (3166.58)	images/s	Loss 14.460 (14.767)	Acc@1  89.84 ( 88.62)	Acc@5  91.41 ( 91.37)	LR 0.1000 (0.1000)
2021-04-25 23:22:22 | INFO    | Epoch: [7][200/958]	Time  0.149 ( 0.171)	Data  0.001 ( 0.012)	ThroughPut 3434.57 (3232.08)	images/s	Loss 15.600 (14.954)	Acc@1  88.09 ( 88.38)	Acc@5  90.82 ( 91.21)	LR 0.1000 (0.1000)
2021-04-25 23:22:38 | INFO    | Epoch: [7][300/958]	Time  0.225 ( 0.166)	Data  0.001 ( 0.008)	ThroughPut 2279.91 (3262.61)	images/s	Loss 15.834 (15.071)	Acc@1  88.28 ( 88.24)	Acc@5  92.38 ( 91.15)	LR 0.1000 (0.1000)
2021-04-25 23:22:53 | INFO    | Epoch: [7][400/958]	Time  0.132 ( 0.164)	Data  0.001 ( 0.007)	ThroughPut 3876.13 (3269.43)	images/s	Loss 15.053 (15.195)	Acc@1  89.65 ( 88.04)	Acc@5  91.99 ( 91.06)	LR 0.1000 (0.1000)
2021-04-25 23:23:09 | INFO    | Epoch: [7][500/958]	Time  0.149 ( 0.162)	Data  0.001 ( 0.006)	ThroughPut 3438.86 (3276.29)	images/s	Loss 16.288 (15.274)	Acc@1  85.35 ( 87.93)	Acc@5  88.48 ( 90.97)	LR 0.1000 (0.1000)
2021-04-25 23:23:25 | INFO    | Epoch: [7][600/958]	Time  0.140 ( 0.162)	Data  0.000 ( 0.005)	ThroughPut 3667.41 (3280.20)	images/s	Loss 15.994 (15.337)	Acc@1  86.33 ( 87.83)	Acc@5  90.82 ( 90.92)	LR 0.1000 (0.1000)
2021-04-25 23:23:40 | INFO    | Epoch: [7][700/958]	Time  0.154 ( 0.161)	Data  0.001 ( 0.004)	ThroughPut 3323.39 (3282.83)	images/s	Loss 15.869 (15.397)	Acc@1  85.55 ( 87.73)	Acc@5  89.65 ( 90.87)	LR 0.1000 (0.1000)
2021-04-25 23:23:56 | INFO    | Epoch: [7][800/958]	Time  0.159 ( 0.160)	Data  0.001 ( 0.004)	ThroughPut 3216.79 (3283.18)	images/s	Loss 14.603 (15.431)	Acc@1  88.67 ( 87.64)	Acc@5  92.38 ( 90.81)	LR 0.1000 (0.1000)
2021-04-25 23:24:12 | INFO    | Epoch: [7][900/958]	Time  0.146 ( 0.160)	Data  0.001 ( 0.004)	ThroughPut 3497.47 (3285.50)	images/s	Loss 16.004 (15.457)	Acc@1  86.13 ( 87.58)	Acc@5  88.48 ( 90.77)	LR 0.1000 (0.1000)
 : save pth for epoch 8
2021-04-25 23:24:24 | INFO    | Epoch: [8][  0/958]	Time  2.543 ( 2.543)	Data  2.288 ( 2.288)	ThroughPut 201.33 (201.33)	images/s	Loss 13.761 (13.761)	Acc@1  89.06 ( 89.06)	Acc@5  91.02 ( 91.02)	LR 0.1000 (0.1000)
2021-04-25 23:24:40 | INFO    | Epoch: [8][100/958]	Time  0.156 ( 0.185)	Data  0.001 ( 0.024)	ThroughPut 3289.99 (3165.04)	images/s	Loss 15.002 (14.407)	Acc@1  87.70 ( 89.10)	Acc@5  90.04 ( 91.75)	LR 0.1000 (0.1000)
2021-04-25 23:24:56 | INFO    | Epoch: [8][200/958]	Time  0.156 ( 0.173)	Data  0.001 ( 0.012)	ThroughPut 3274.82 (3200.15)	images/s	Loss 15.267 (14.609)	Acc@1  89.06 ( 88.88)	Acc@5  91.60 ( 91.69)	LR 0.1000 (0.1000)
2021-04-25 23:25:13 | INFO    | Epoch: [8][300/958]	Time  0.155 ( 0.169)	Data  0.001 ( 0.009)	ThroughPut 3293.97 (3193.48)	images/s	Loss 14.435 (14.787)	Acc@1  90.04 ( 88.66)	Acc@5  92.19 ( 91.56)	LR 0.1000 (0.1000)
2021-04-25 23:25:29 | INFO    | Epoch: [8][400/958]	Time  0.150 ( 0.167)	Data  0.001 ( 0.007)	ThroughPut 3402.26 (3201.45)	images/s	Loss 15.078 (14.892)	Acc@1  87.89 ( 88.50)	Acc@5  90.04 ( 91.43)	LR 0.1000 (0.1000)
2021-04-25 23:25:44 | INFO    | Epoch: [8][500/958]	Time  0.150 ( 0.165)	Data  0.001 ( 0.006)	ThroughPut 3411.33 (3220.35)	images/s	Loss 15.966 (14.979)	Acc@1  85.35 ( 88.36)	Acc@5  89.45 ( 91.33)	LR 0.1000 (0.1000)
2021-04-25 23:26:00 | INFO    | Epoch: [8][600/958]	Time  0.171 ( 0.163)	Data  0.001 ( 0.005)	ThroughPut 2988.21 (3237.16)	images/s	Loss 16.710 (15.065)	Acc@1  85.16 ( 88.22)	Acc@5  89.45 ( 91.21)	LR 0.1000 (0.1000)
2021-04-25 23:26:16 | INFO    | Epoch: [8][700/958]	Time  0.156 ( 0.163)	Data  0.001 ( 0.004)	ThroughPut 3282.25 (3245.29)	images/s	Loss 15.537 (15.126)	Acc@1  87.89 ( 88.07)	Acc@5  91.02 ( 91.09)	LR 0.1000 (0.1000)
2021-04-25 23:26:31 | INFO    | Epoch: [8][800/958]	Time  0.166 ( 0.162)	Data  0.001 ( 0.004)	ThroughPut 3090.78 (3247.46)	images/s	Loss 15.630 (15.165)	Acc@1  86.52 ( 87.99)	Acc@5  90.62 ( 91.03)	LR 0.1000 (0.1000)
2021-04-25 23:26:47 | INFO    | Epoch: [8][900/958]	Time  0.211 ( 0.161)	Data  0.001 ( 0.004)	ThroughPut 2421.15 (3261.16)	images/s	Loss 15.700 (15.200)	Acc@1  85.16 ( 87.92)	Acc@5  87.30 ( 90.98)	LR 0.1000 (0.1000)
 : save pth for epoch 9
2021-04-25 23:26:59 | INFO    | Epoch: [9][  0/958]	Time  2.458 ( 2.458)	Data  2.230 ( 2.230)	ThroughPut 208.28 (208.28)	images/s	Loss 14.098 (14.098)	Acc@1  89.65 ( 89.65)	Acc@5  91.99 ( 91.99)	LR 0.1000 (0.1000)
2021-04-25 23:27:15 | INFO    | Epoch: [9][100/958]	Time  0.137 ( 0.183)	Data  0.001 ( 0.023)	ThroughPut 3725.03 (3213.63)	images/s	Loss 14.039 (14.178)	Acc@1  91.60 ( 89.36)	Acc@5  93.55 ( 92.00)	LR 0.1000 (0.1000)
2021-04-25 23:27:31 | INFO    | Epoch: [9][200/958]	Time  0.143 ( 0.172)	Data  0.001 ( 0.012)	ThroughPut 3586.67 (3222.01)	images/s	Loss 14.892 (14.426)	Acc@1  89.06 ( 89.07)	Acc@5  92.38 ( 91.77)	LR 0.1000 (0.1000)
2021-04-25 23:27:47 | INFO    | Epoch: [9][300/958]	Time  0.156 ( 0.168)	Data  0.001 ( 0.009)	ThroughPut 3278.31 (3232.93)	images/s	Loss 14.468 (14.608)	Acc@1  89.65 ( 88.78)	Acc@5  91.80 ( 91.63)	LR 0.1000 (0.1000)
2021-04-25 23:28:03 | INFO    | Epoch: [9][400/958]	Time  0.157 ( 0.166)	Data  0.001 ( 0.007)	ThroughPut 3262.61 (3227.57)	images/s	Loss 15.160 (14.720)	Acc@1  89.06 ( 88.67)	Acc@5  91.80 ( 91.55)	LR 0.1000 (0.1000)
2021-04-25 23:28:19 | INFO    | Epoch: [9][500/958]	Time  0.154 ( 0.165)	Data  0.001 ( 0.006)	ThroughPut 3326.87 (3228.88)	images/s	Loss 14.988 (14.796)	Acc@1  87.11 ( 88.52)	Acc@5  90.23 ( 91.44)	LR 0.1000 (0.1000)
2021-04-25 23:28:35 | INFO    | Epoch: [9][600/958]	Time  0.162 ( 0.164)	Data  0.001 ( 0.005)	ThroughPut 3162.13 (3228.06)	images/s	Loss 15.540 (14.874)	Acc@1  85.55 ( 88.38)	Acc@5  88.87 ( 91.35)	LR 0.1000 (0.1000)
2021-04-25 23:28:51 | INFO    | Epoch: [9][700/958]	Time  0.157 ( 0.164)	Data  0.001 ( 0.004)	ThroughPut 3255.76 (3227.38)	images/s	Loss 15.200 (14.929)	Acc@1  86.52 ( 88.27)	Acc@5  89.06 ( 91.28)	LR 0.1000 (0.1000)
2021-04-25 23:29:07 | INFO    | Epoch: [9][800/958]	Time  0.160 ( 0.163)	Data  0.001 ( 0.004)	ThroughPut 3201.89 (3228.40)	images/s	Loss 15.338 (14.968)	Acc@1  86.52 ( 88.20)	Acc@5  90.62 ( 91.22)	LR 0.1000 (0.1000)
2021-04-25 23:29:23 | INFO    | Epoch: [9][900/958]	Time  0.151 ( 0.162)	Data  0.001 ( 0.004)	ThroughPut 3399.07 (3237.97)	images/s	Loss 14.373 (15.000)	Acc@1  88.48 ( 88.16)	Acc@5  91.80 ( 91.18)	LR 0.1000 (0.1000)
 : save pth for epoch 10
2021-04-25 23:29:35 | INFO    | Epoch: [10][  0/958]	Time  2.457 ( 2.457)	Data  2.218 ( 2.218)	ThroughPut 208.41 (208.41)	images/s	Loss 13.621 (13.621)	Acc@1  90.23 ( 90.23)	Acc@5  92.38 ( 92.38)	LR 0.1000 (0.1000)
2021-04-25 23:29:52 | INFO    | Epoch: [10][100/958]	Time  0.153 ( 0.185)	Data  0.001 ( 0.023)	ThroughPut 3355.35 (3168.76)	images/s	Loss 15.034 (13.975)	Acc@1  87.50 ( 89.52)	Acc@5  89.45 ( 92.10)	LR 0.1000 (0.1000)
2021-04-25 23:30:08 | INFO    | Epoch: [10][200/958]	Time  0.197 ( 0.173)	Data  0.001 ( 0.012)	ThroughPut 2601.85 (3200.87)	images/s	Loss 14.985 (14.241)	Acc@1  88.09 ( 89.25)	Acc@5  91.60 ( 91.92)	LR 0.1000 (0.1000)
2021-04-25 23:30:23 | INFO    | Epoch: [10][300/958]	Time  0.170 ( 0.168)	Data  0.001 ( 0.008)	ThroughPut 3011.78 (3226.68)	images/s	Loss 15.116 (14.377)	Acc@1  89.26 ( 89.17)	Acc@5  92.38 ( 91.87)	LR 0.1000 (0.1000)
2021-04-25 23:30:40 | INFO    | Epoch: [10][400/958]	Time  0.158 ( 0.166)	Data  0.001 ( 0.007)	ThroughPut 3247.86 (3217.37)	images/s	Loss 14.229 (14.521)	Acc@1  90.23 ( 88.95)	Acc@5  93.16 ( 91.69)	LR 0.1000 (0.1000)
2021-04-25 23:30:56 | INFO    | Epoch: [10][500/958]	Time  0.159 ( 0.165)	Data  0.001 ( 0.005)	ThroughPut 3229.93 (3217.37)	images/s	Loss 14.563 (14.630)	Acc@1  88.28 ( 88.80)	Acc@5  91.60 ( 91.60)	LR 0.1000 (0.1000)
2021-04-25 23:31:12 | INFO    | Epoch: [10][600/958]	Time  0.157 ( 0.164)	Data  0.001 ( 0.005)	ThroughPut 3253.47 (3220.31)	images/s	Loss 14.118 (14.696)	Acc@1  89.45 ( 88.65)	Acc@5  91.99 ( 91.52)	LR 0.1000 (0.1000)
2021-04-25 23:31:27 | INFO    | Epoch: [10][700/958]	Time  0.144 ( 0.164)	Data  0.001 ( 0.004)	ThroughPut 3548.75 (3229.00)	images/s	Loss 14.231 (14.764)	Acc@1  89.45 ( 88.51)	Acc@5  91.21 ( 91.42)	LR 0.1000 (0.1000)
2021-04-25 23:31:43 | INFO    | Epoch: [10][800/958]	Time  0.201 ( 0.163)	Data  0.001 ( 0.004)	ThroughPut 2552.80 (3240.44)	images/s	Loss 15.237 (14.804)	Acc@1  86.33 ( 88.44)	Acc@5  89.26 ( 91.35)	LR 0.1000 (0.1000)
2021-04-25 23:31:59 | INFO    | Epoch: [10][900/958]	Time  0.153 ( 0.162)	Data  0.001 ( 0.003)	ThroughPut 3353.15 (3246.69)	images/s	Loss 15.782 (14.837)	Acc@1  85.55 ( 88.36)	Acc@5  87.89 ( 91.30)	LR 0.1000 (0.1000)
 : save pth for epoch 11
2021-04-25 23:32:11 | INFO    | Epoch: [11][  0/958]	Time  2.667 ( 2.667)	Data  2.398 ( 2.398)	ThroughPut 191.98 (191.98)	images/s	Loss 13.661 (13.661)	Acc@1  88.87 ( 88.87)	Acc@5  91.80 ( 91.80)	LR 0.1000 (0.1000)
2021-04-25 23:32:28 | INFO    | Epoch: [11][100/958]	Time  0.158 ( 0.189)	Data  0.001 ( 0.025)	ThroughPut 3246.06 (3121.60)	images/s	Loss 15.147 (13.860)	Acc@1  88.48 ( 89.71)	Acc@5  91.60 ( 92.23)	LR 0.1000 (0.1000)
2021-04-25 23:32:44 | INFO    | Epoch: [11][200/958]	Time  0.154 ( 0.175)	Data  0.001 ( 0.013)	ThroughPut 3326.28 (3174.63)	images/s	Loss 14.067 (14.094)	Acc@1  89.65 ( 89.39)	Acc@5  91.60 ( 92.00)	LR 0.1000 (0.1000)
2021-04-25 23:32:59 | INFO    | Epoch: [11][300/958]	Time  0.149 ( 0.168)	Data  0.001 ( 0.009)	ThroughPut 3434.80 (3227.74)	images/s	Loss 14.803 (14.299)	Acc@1  87.70 ( 89.09)	Acc@5  90.62 ( 91.76)	LR 0.1000 (0.1000)
2021-04-25 23:33:15 | INFO    | Epoch: [11][400/958]	Time  0.141 ( 0.165)	Data  0.001 ( 0.007)	ThroughPut 3643.28 (3265.90)	images/s	Loss 14.049 (14.427)	Acc@1  90.23 ( 88.97)	Acc@5  93.16 ( 91.69)	LR 0.1000 (0.1000)
2021-04-25 23:33:30 | INFO    | Epoch: [11][500/958]	Time  0.204 ( 0.163)	Data  0.001 ( 0.006)	ThroughPut 2514.45 (3279.51)	images/s	Loss 14.889 (14.499)	Acc@1  87.50 ( 88.85)	Acc@5  90.62 ( 91.64)	LR 0.1000 (0.1000)
2021-04-25 23:33:46 | INFO    | Epoch: [11][600/958]	Time  0.135 ( 0.162)	Data  0.001 ( 0.005)	ThroughPut 3789.00 (3275.88)	images/s	Loss 14.782 (14.567)	Acc@1  87.30 ( 88.75)	Acc@5  90.82 ( 91.57)	LR 0.1000 (0.1000)
2021-04-25 23:34:02 | INFO    | Epoch: [11][700/958]	Time  0.148 ( 0.161)	Data  0.001 ( 0.005)	ThroughPut 3449.73 (3281.03)	images/s	Loss 14.763 (14.621)	Acc@1  89.84 ( 88.66)	Acc@5  92.38 ( 91.51)	LR 0.1000 (0.1000)
2021-04-25 23:34:17 | INFO    | Epoch: [11][800/958]	Time  0.181 ( 0.160)	Data  0.001 ( 0.004)	ThroughPut 2825.53 (3288.05)	images/s	Loss 15.274 (14.678)	Acc@1  87.50 ( 88.55)	Acc@5  90.43 ( 91.44)	LR 0.1000 (0.1000)
2021-04-25 23:34:33 | INFO    | Epoch: [11][900/958]	Time  0.165 ( 0.160)	Data  0.001 ( 0.004)	ThroughPut 3104.76 (3295.43)	images/s	Loss 15.127 (14.710)	Acc@1  89.26 ( 88.50)	Acc@5  91.99 ( 91.40)	LR 0.1000 (0.1000)
 : save pth for epoch 12
2021-04-25 23:34:45 | INFO    | Epoch: [12][  0/958]	Time  2.478 ( 2.478)	Data  2.215 ( 2.215)	ThroughPut 206.65 (206.65)	images/s	Loss 13.501 (13.501)	Acc@1  87.89 ( 87.89)	Acc@5  90.23 ( 90.23)	LR 0.1000 (0.1000)
2021-04-25 23:35:01 | INFO    | Epoch: [12][100/958]	Time  0.149 ( 0.186)	Data  0.001 ( 0.023)	ThroughPut 3429.58 (3147.84)	images/s	Loss 13.830 (13.759)	Acc@1  88.09 ( 89.67)	Acc@5  90.82 ( 92.18)	LR 0.1000 (0.1000)
2021-04-25 23:35:17 | INFO    | Epoch: [12][200/958]	Time  0.143 ( 0.174)	Data  0.001 ( 0.012)	ThroughPut 3582.74 (3171.24)	images/s	Loss 13.872 (13.990)	Acc@1  90.04 ( 89.47)	Acc@5  91.99 ( 92.09)	LR 0.1000 (0.1000)
2021-04-25 23:35:33 | INFO    | Epoch: [12][300/958]	Time  0.143 ( 0.169)	Data  0.001 ( 0.008)	ThroughPut 3588.43 (3197.78)	images/s	Loss 14.897 (14.167)	Acc@1  88.48 ( 89.26)	Acc@5  91.80 ( 91.91)	LR 0.1000 (0.1000)
2021-04-25 23:35:49 | INFO    | Epoch: [12][400/958]	Time  0.157 ( 0.166)	Data  0.001 ( 0.007)	ThroughPut 3254.49 (3228.56)	images/s	Loss 14.869 (14.297)	Acc@1  87.50 ( 89.09)	Acc@5  90.82 ( 91.83)	LR 0.1000 (0.1000)
2021-04-25 23:36:04 | INFO    | Epoch: [12][500/958]	Time  0.141 ( 0.164)	Data  0.001 ( 0.006)	ThroughPut 3640.47 (3248.67)	images/s	Loss 14.558 (14.390)	Acc@1  89.06 ( 88.98)	Acc@5  91.80 ( 91.74)	LR 0.1000 (0.1000)
2021-04-25 23:36:20 | INFO    | Epoch: [12][600/958]	Time  0.147 ( 0.162)	Data  0.001 ( 0.005)	ThroughPut 3481.14 (3262.47)	images/s	Loss 15.235 (14.454)	Acc@1  87.50 ( 88.86)	Acc@5  91.02 ( 91.67)	LR 0.1000 (0.1000)
2021-04-25 23:36:35 | INFO    | Epoch: [12][700/958]	Time  0.160 ( 0.161)	Data  0.001 ( 0.004)	ThroughPut 3193.94 (3276.98)	images/s	Loss 14.631 (14.515)	Acc@1  88.48 ( 88.75)	Acc@5  91.80 ( 91.58)	LR 0.1000 (0.1000)
2021-04-25 23:36:51 | INFO    | Epoch: [12][800/958]	Time  0.148 ( 0.160)	Data  0.001 ( 0.004)	ThroughPut 3449.01 (3287.66)	images/s	Loss 15.000 (14.566)	Acc@1  86.72 ( 88.64)	Acc@5  90.23 ( 91.50)	LR 0.1000 (0.1000)
2021-04-25 23:37:06 | INFO    | Epoch: [12][900/958]	Time  0.159 ( 0.160)	Data  0.001 ( 0.004)	ThroughPut 3211.08 (3287.25)	images/s	Loss 15.513 (14.600)	Acc@1  85.16 ( 88.58)	Acc@5  90.23 ( 91.47)	LR 0.1000 (0.1000)
 : save pth for epoch 13
2021-04-25 23:37:19 | INFO    | Epoch: [13][  0/958]	Time  2.413 ( 2.413)	Data  2.161 ( 2.161)	ThroughPut 212.21 (212.21)	images/s	Loss 13.295 (13.295)	Acc@1  91.21 ( 91.21)	Acc@5  93.95 ( 93.95)	LR 0.1000 (0.1000)
2021-04-25 23:37:35 | INFO    | Epoch: [13][100/958]	Time  0.153 ( 0.187)	Data  0.001 ( 0.022)	ThroughPut 3342.93 (3104.73)	images/s	Loss 12.975 (13.678)	Acc@1  92.19 ( 89.95)	Acc@5  93.16 ( 92.40)	LR 0.1000 (0.1000)
2021-04-25 23:37:51 | INFO    | Epoch: [13][200/958]	Time  0.148 ( 0.174)	Data  0.001 ( 0.012)	ThroughPut 3457.71 (3164.37)	images/s	Loss 15.182 (13.929)	Acc@1  89.26 ( 89.66)	Acc@5  91.02 ( 92.22)	LR 0.1000 (0.1000)
2021-04-25 23:38:07 | INFO    | Epoch: [13][300/958]	Time  0.160 ( 0.169)	Data  0.001 ( 0.008)	ThroughPut 3198.13 (3197.80)	images/s	Loss 14.385 (14.091)	Acc@1  88.67 ( 89.48)	Acc@5  91.60 ( 92.08)	LR 0.1000 (0.1000)
2021-04-25 23:38:23 | INFO    | Epoch: [13][400/958]	Time  0.156 ( 0.167)	Data  0.001 ( 0.006)	ThroughPut 3279.45 (3197.93)	images/s	Loss 15.522 (14.186)	Acc@1  86.52 ( 89.29)	Acc@5  90.23 ( 91.95)	LR 0.1000 (0.1000)
2021-04-25 23:38:39 | INFO    | Epoch: [13][500/958]	Time  0.163 ( 0.166)	Data  0.001 ( 0.005)	ThroughPut 3143.48 (3194.76)	images/s	Loss 14.975 (14.274)	Acc@1  88.48 ( 89.16)	Acc@5  90.82 ( 91.86)	LR 0.1000 (0.1000)
2021-04-25 23:38:56 | INFO    | Epoch: [13][600/958]	Time  0.160 ( 0.165)	Data  0.001 ( 0.005)	ThroughPut 3194.03 (3190.95)	images/s	Loss 15.356 (14.351)	Acc@1  86.33 ( 89.01)	Acc@5  88.67 ( 91.76)	LR 0.1000 (0.1000)
2021-04-25 23:39:12 | INFO    | Epoch: [13][700/958]	Time  0.152 ( 0.165)	Data  0.001 ( 0.004)	ThroughPut 3359.03 (3190.61)	images/s	Loss 14.981 (14.407)	Acc@1  88.28 ( 88.90)	Acc@5  91.02 ( 91.67)	LR 0.1000 (0.1000)
2021-04-25 23:39:28 | INFO    | Epoch: [13][800/958]	Time  0.152 ( 0.164)	Data  0.001 ( 0.004)	ThroughPut 3372.64 (3192.20)	images/s	Loss 15.547 (14.454)	Acc@1  86.33 ( 88.82)	Acc@5  90.23 ( 91.60)	LR 0.1000 (0.1000)
2021-04-25 23:39:44 | INFO    | Epoch: [13][900/958]	Time  0.141 ( 0.164)	Data  0.001 ( 0.003)	ThroughPut 3627.08 (3195.11)	images/s	Loss 14.220 (14.479)	Acc@1  89.06 ( 88.78)	Acc@5  92.38 ( 91.58)	LR 0.1000 (0.1000)
 : save pth for epoch 14
2021-04-25 23:39:57 | INFO    | Epoch: [14][  0/958]	Time  2.586 ( 2.586)	Data  2.325 ( 2.325)	ThroughPut 197.98 (197.98)	images/s	Loss 13.105 (13.105)	Acc@1  90.62 ( 90.62)	Acc@5  92.97 ( 92.97)	LR 0.1000 (0.1000)
2021-04-25 23:40:13 | INFO    | Epoch: [14][100/958]	Time  0.161 ( 0.188)	Data  0.001 ( 0.024)	ThroughPut 3189.59 (3131.26)	images/s	Loss 13.736 (13.586)	Acc@1  88.87 ( 89.94)	Acc@5  92.19 ( 92.38)	LR 0.1000 (0.1000)
2021-04-25 23:40:29 | INFO    | Epoch: [14][200/958]	Time  0.155 ( 0.175)	Data  0.001 ( 0.013)	ThroughPut 3295.66 (3166.33)	images/s	Loss 14.970 (13.828)	Acc@1  89.26 ( 89.65)	Acc@5  90.82 ( 92.22)	LR 0.1000 (0.1000)
2021-04-25 23:40:45 | INFO    | Epoch: [14][300/958]	Time  0.165 ( 0.171)	Data  0.001 ( 0.009)	ThroughPut 3096.12 (3167.69)	images/s	Loss 14.873 (13.996)	Acc@1  89.65 ( 89.46)	Acc@5  93.16 ( 92.09)	LR 0.1000 (0.1000)
2021-04-25 23:41:01 | INFO    | Epoch: [14][400/958]	Time  0.161 ( 0.168)	Data  0.001 ( 0.007)	ThroughPut 3182.96 (3175.88)	images/s	Loss 14.586 (14.101)	Acc@1  88.28 ( 89.34)	Acc@5  91.60 ( 92.01)	LR 0.1000 (0.1000)
2021-04-25 23:41:17 | INFO    | Epoch: [14][500/958]	Time  0.157 ( 0.165)	Data  0.001 ( 0.006)	ThroughPut 3266.09 (3216.47)	images/s	Loss 14.499 (14.194)	Acc@1  88.87 ( 89.22)	Acc@5  92.19 ( 91.92)	LR 0.1000 (0.1000)
2021-04-25 23:41:32 | INFO    | Epoch: [14][600/958]	Time  0.149 ( 0.163)	Data  0.001 ( 0.005)	ThroughPut 3426.58 (3239.52)	images/s	Loss 14.329 (14.246)	Acc@1  88.87 ( 89.13)	Acc@5  91.80 ( 91.84)	LR 0.1000 (0.1000)
2021-04-25 23:41:48 | INFO    | Epoch: [14][700/958]	Time  0.159 ( 0.162)	Data  0.001 ( 0.004)	ThroughPut 3215.74 (3256.63)	images/s	Loss 13.770 (14.296)	Acc@1  90.04 ( 89.02)	Acc@5  93.36 ( 91.75)	LR 0.1000 (0.1000)
2021-04-25 23:42:03 | INFO    | Epoch: [14][800/958]	Time  0.146 ( 0.161)	Data  0.001 ( 0.004)	ThroughPut 3506.03 (3264.40)	images/s	Loss 14.606 (14.330)	Acc@1  87.70 ( 88.97)	Acc@5  89.45 ( 91.73)	LR 0.1000 (0.1000)
2021-04-25 23:42:19 | INFO    | Epoch: [14][900/958]	Time  0.164 ( 0.161)	Data  0.001 ( 0.004)	ThroughPut 3122.00 (3270.10)	images/s	Loss 14.790 (14.374)	Acc@1  85.55 ( 88.90)	Acc@5  89.84 ( 91.68)	LR 0.1000 (0.1000)
 : save pth for epoch 15
2021-04-25 23:42:31 | INFO    | Epoch: [15][  0/958]	Time  2.543 ( 2.543)	Data  2.277 ( 2.277)	ThroughPut 201.31 (201.31)	images/s	Loss 12.788 (12.788)	Acc@1  90.43 ( 90.43)	Acc@5  92.38 ( 92.38)	LR 0.1000 (0.1000)
2021-04-25 23:42:47 | INFO    | Epoch: [15][100/958]	Time  0.158 ( 0.184)	Data  0.001 ( 0.024)	ThroughPut 3247.74 (3202.87)	images/s	Loss 13.496 (13.455)	Acc@1  90.43 ( 90.05)	Acc@5  92.97 ( 92.51)	LR 0.1000 (0.1000)
2021-04-25 23:43:03 | INFO    | Epoch: [15][200/958]	Time  0.140 ( 0.173)	Data  0.001 ( 0.012)	ThroughPut 3664.23 (3196.64)	images/s	Loss 14.166 (13.694)	Acc@1  88.48 ( 89.91)	Acc@5  91.60 ( 92.42)	LR 0.1000 (0.1000)
2021-04-25 23:43:19 | INFO    | Epoch: [15][300/958]	Time  0.155 ( 0.167)	Data  0.001 ( 0.009)	ThroughPut 3300.11 (3237.32)	images/s	Loss 13.603 (13.856)	Acc@1  88.67 ( 89.70)	Acc@5  91.21 ( 92.28)	LR 0.1000 (0.1000)
2021-04-25 23:43:35 | INFO    | Epoch: [15][400/958]	Time  0.225 ( 0.166)	Data  0.001 ( 0.007)	ThroughPut 2280.45 (3228.12)	images/s	Loss 14.090 (13.975)	Acc@1  91.02 ( 89.54)	Acc@5  92.58 ( 92.17)	LR 0.1000 (0.1000)
2021-04-25 23:43:52 | INFO    | Epoch: [15][500/958]	Time  0.154 ( 0.166)	Data  0.001 ( 0.006)	ThroughPut 3323.68 (3211.08)	images/s	Loss 14.496 (14.081)	Acc@1  89.65 ( 89.42)	Acc@5  92.19 ( 92.07)	LR 0.1000 (0.1000)
2021-04-25 23:44:08 | INFO    | Epoch: [15][600/958]	Time  0.156 ( 0.165)	Data  0.001 ( 0.005)	ThroughPut 3279.90 (3205.05)	images/s	Loss 14.618 (14.158)	Acc@1  88.28 ( 89.27)	Acc@5  90.43 ( 91.95)	LR 0.1000 (0.1000)
2021-04-25 23:44:24 | INFO    | Epoch: [15][700/958]	Time  0.159 ( 0.165)	Data  0.001 ( 0.004)	ThroughPut 3213.81 (3202.33)	images/s	Loss 14.770 (14.224)	Acc@1  88.09 ( 89.15)	Acc@5  92.19 ( 91.86)	LR 0.1000 (0.1000)
2021-04-25 23:44:40 | INFO    | Epoch: [15][800/958]	Time  0.165 ( 0.164)	Data  0.001 ( 0.004)	ThroughPut 3094.92 (3200.99)	images/s	Loss 14.037 (14.271)	Acc@1  90.82 ( 89.06)	Acc@5  93.75 ( 91.81)	LR 0.1000 (0.1000)
2021-04-25 23:44:57 | INFO    | Epoch: [15][900/958]	Time  0.162 ( 0.164)	Data  0.001 ( 0.004)	ThroughPut 3161.32 (3200.19)	images/s	Loss 13.540 (14.319)	Acc@1  91.80 ( 88.98)	Acc@5  93.75 ( 91.73)	LR 0.1000 (0.1000)
 : save pth for epoch 16
2021-04-25 23:45:09 | INFO    | Epoch: [16][  0/958]	Time  2.450 ( 2.450)	Data  2.223 ( 2.223)	ThroughPut 208.96 (208.96)	images/s	Loss 12.875 (12.875)	Acc@1  90.62 ( 90.62)	Acc@5  93.95 ( 93.95)	LR 0.1000 (0.1000)
2021-04-25 23:45:25 | INFO    | Epoch: [16][100/958]	Time  0.158 ( 0.186)	Data  0.001 ( 0.023)	ThroughPut 3243.20 (3153.66)	images/s	Loss 14.588 (13.424)	Acc@1  89.06 ( 90.06)	Acc@5  92.38 ( 92.53)	LR 0.1000 (0.1000)
2021-04-25 23:45:41 | INFO    | Epoch: [16][200/958]	Time  0.154 ( 0.174)	Data  0.001 ( 0.012)	ThroughPut 3316.07 (3165.33)	images/s	Loss 14.290 (13.632)	Acc@1  89.45 ( 89.89)	Acc@5  91.60 ( 92.40)	LR 0.1000 (0.1000)
2021-04-25 23:45:57 | INFO    | Epoch: [16][300/958]	Time  0.153 ( 0.169)	Data  0.001 ( 0.009)	ThroughPut 3335.85 (3199.79)	images/s	Loss 14.015 (13.776)	Acc@1  88.48 ( 89.71)	Acc@5  91.21 ( 92.24)	LR 0.1000 (0.1000)
2021-04-25 23:46:13 | INFO    | Epoch: [16][400/958]	Time  0.158 ( 0.166)	Data  0.001 ( 0.007)	ThroughPut 3249.64 (3216.47)	images/s	Loss 14.278 (13.912)	Acc@1  88.67 ( 89.51)	Acc@5  91.41 ( 92.10)	LR 0.1000 (0.1000)
2021-04-25 23:46:29 | INFO    | Epoch: [16][500/958]	Time  0.166 ( 0.164)	Data  0.001 ( 0.006)	ThroughPut 3079.34 (3231.27)	images/s	Loss 14.132 (14.006)	Acc@1  89.45 ( 89.41)	Acc@5  92.77 ( 92.05)	LR 0.1000 (0.1000)
2021-04-25 23:46:44 | INFO    | Epoch: [16][600/958]	Time  0.148 ( 0.163)	Data  0.001 ( 0.005)	ThroughPut 3453.30 (3242.75)	images/s	Loss 14.515 (14.088)	Acc@1  87.50 ( 89.28)	Acc@5  91.60 ( 91.95)	LR 0.1000 (0.1000)
2021-04-25 23:47:00 | INFO    | Epoch: [16][700/958]	Time  0.147 ( 0.162)	Data  0.001 ( 0.004)	ThroughPut 3477.44 (3251.97)	images/s	Loss 14.189 (14.166)	Acc@1  90.23 ( 89.16)	Acc@5  91.99 ( 91.87)	LR 0.1000 (0.1000)
2021-04-25 23:47:16 | INFO    | Epoch: [16][800/958]	Time  0.150 ( 0.161)	Data  0.001 ( 0.004)	ThroughPut 3406.36 (3258.91)	images/s	Loss 14.403 (14.212)	Acc@1  87.30 ( 89.09)	Acc@5  90.82 ( 91.81)	LR 0.1000 (0.1000)
2021-04-25 23:47:31 | INFO    | Epoch: [16][900/958]	Time  0.166 ( 0.161)	Data  0.001 ( 0.004)	ThroughPut 3092.81 (3260.87)	images/s	Loss 14.368 (14.255)	Acc@1  91.41 ( 89.00)	Acc@5  92.97 ( 91.75)	LR 0.1000 (0.1000)
 : save pth for epoch 17
2021-04-25 23:47:44 | INFO    | Epoch: [17][  0/958]	Time  2.668 ( 2.668)	Data  2.397 ( 2.397)	ThroughPut 191.91 (191.91)	images/s	Loss 13.136 (13.136)	Acc@1  89.84 ( 89.84)	Acc@5  92.19 ( 92.19)	LR 0.1000 (0.1000)
2021-04-25 23:48:00 | INFO    | Epoch: [17][100/958]	Time  0.150 ( 0.186)	Data  0.001 ( 0.025)	ThroughPut 3403.18 (3192.41)	images/s	Loss 13.328 (13.239)	Acc@1  89.84 ( 90.41)	Acc@5  91.80 ( 92.74)	LR 0.1000 (0.1000)
2021-04-25 23:48:16 | INFO    | Epoch: [17][200/958]	Time  0.165 ( 0.174)	Data  0.001 ( 0.013)	ThroughPut 3111.70 (3180.26)	images/s	Loss 13.394 (13.490)	Acc@1  90.43 ( 90.14)	Acc@5  91.99 ( 92.55)	LR 0.1000 (0.1000)
2021-04-25 23:48:33 | INFO    | Epoch: [17][300/958]	Time  0.149 ( 0.171)	Data  0.001 ( 0.009)	ThroughPut 3431.30 (3177.71)	images/s	Loss 13.088 (13.677)	Acc@1  91.80 ( 89.86)	Acc@5  93.55 ( 92.35)	LR 0.1000 (0.1000)
2021-04-25 23:48:49 | INFO    | Epoch: [17][400/958]	Time  0.156 ( 0.168)	Data  0.001 ( 0.007)	ThroughPut 3289.01 (3192.17)	images/s	Loss 14.325 (13.797)	Acc@1  90.23 ( 89.72)	Acc@5  91.99 ( 92.24)	LR 0.1000 (0.1000)
2021-04-25 23:49:05 | INFO    | Epoch: [17][500/958]	Time  0.155 ( 0.167)	Data  0.001 ( 0.006)	ThroughPut 3292.83 (3194.03)	images/s	Loss 14.066 (13.908)	Acc@1  88.48 ( 89.57)	Acc@5  91.99 ( 92.12)	LR 0.1000 (0.1000)
2021-04-25 23:49:21 | INFO    | Epoch: [17][600/958]	Time  0.138 ( 0.166)	Data  0.001 ( 0.005)	ThroughPut 3716.22 (3201.90)	images/s	Loss 14.149 (14.007)	Acc@1  89.45 ( 89.43)	Acc@5  91.60 ( 92.03)	LR 0.1000 (0.1000)
2021-04-25 23:49:37 | INFO    | Epoch: [17][700/958]	Time  0.154 ( 0.165)	Data  0.001 ( 0.004)	ThroughPut 3319.83 (3209.70)	images/s	Loss 14.371 (14.074)	Acc@1  88.67 ( 89.32)	Acc@5  91.80 ( 91.96)	LR 0.1000 (0.1000)
2021-04-25 23:49:53 | INFO    | Epoch: [17][800/958]	Time  0.155 ( 0.164)	Data  0.001 ( 0.004)	ThroughPut 3312.09 (3215.61)	images/s	Loss 13.326 (14.127)	Acc@1  90.62 ( 89.23)	Acc@5  92.38 ( 91.88)	LR 0.1000 (0.1000)
2021-04-25 23:50:09 | INFO    | Epoch: [17][900/958]	Time  0.158 ( 0.164)	Data  0.001 ( 0.004)	ThroughPut 3250.29 (3217.60)	images/s	Loss 14.878 (14.172)	Acc@1  86.72 ( 89.17)	Acc@5  91.02 ( 91.84)	LR 0.1000 (0.1000)
 : save pth for epoch 18
2021-04-25 23:50:21 | INFO    | Epoch: [18][  0/958]	Time  2.548 ( 2.548)	Data  2.251 ( 2.251)	ThroughPut 200.97 (200.97)	images/s	Loss 13.659 (13.659)	Acc@1  88.67 ( 88.67)	Acc@5  90.23 ( 90.23)	LR 0.1000 (0.1000)
2021-04-25 23:50:37 | INFO    | Epoch: [18][100/958]	Time  0.155 ( 0.186)	Data  0.001 ( 0.023)	ThroughPut 3299.63 (3153.25)	images/s	Loss 13.374 (13.260)	Acc@1  90.62 ( 90.32)	Acc@5  92.38 ( 92.66)	LR 0.1000 (0.1000)
2021-04-25 23:50:54 | INFO    | Epoch: [18][200/958]	Time  0.159 ( 0.174)	Data  0.001 ( 0.012)	ThroughPut 3215.78 (3179.05)	images/s	Loss 13.971 (13.527)	Acc@1  89.65 ( 89.96)	Acc@5  91.99 ( 92.46)	LR 0.1000 (0.1000)
2021-04-25 23:51:09 | INFO    | Epoch: [18][300/958]	Time  0.154 ( 0.169)	Data  0.001 ( 0.009)	ThroughPut 3327.46 (3200.65)	images/s	Loss 14.476 (13.705)	Acc@1  88.28 ( 89.68)	Acc@5  91.41 ( 92.29)	LR 0.1000 (0.1000)
2021-04-25 23:51:26 | INFO    | Epoch: [18][400/958]	Time  0.166 ( 0.167)	Data  0.000 ( 0.007)	ThroughPut 3082.00 (3199.45)	images/s	Loss 14.265 (13.843)	Acc@1  91.02 ( 89.51)	Acc@5  92.97 ( 92.15)	LR 0.1000 (0.1000)
2021-04-25 23:51:42 | INFO    | Epoch: [18][500/958]	Time  0.157 ( 0.166)	Data  0.001 ( 0.006)	ThroughPut 3251.95 (3195.68)	images/s	Loss 14.178 (13.923)	Acc@1  89.45 ( 89.41)	Acc@5  91.60 ( 92.08)	LR 0.1000 (0.1000)
2021-04-25 23:51:58 | INFO    | Epoch: [18][600/958]	Time  0.161 ( 0.165)	Data  0.001 ( 0.005)	ThroughPut 3188.91 (3199.28)	images/s	Loss 14.615 (13.980)	Acc@1  89.84 ( 89.35)	Acc@5  92.58 ( 92.04)	LR 0.1000 (0.1000)
2021-04-25 23:52:14 | INFO    | Epoch: [18][700/958]	Time  0.132 ( 0.164)	Data  0.001 ( 0.004)	ThroughPut 3873.67 (3210.49)	images/s	Loss 14.878 (14.044)	Acc@1  87.89 ( 89.26)	Acc@5  91.02 ( 91.98)	LR 0.1000 (0.1000)
2021-04-25 23:52:30 | INFO    | Epoch: [18][800/958]	Time  0.162 ( 0.164)	Data  0.001 ( 0.004)	ThroughPut 3167.49 (3210.80)	images/s	Loss 13.511 (14.095)	Acc@1  88.87 ( 89.18)	Acc@5  92.58 ( 91.93)	LR 0.1000 (0.1000)
2021-04-25 23:52:46 | INFO    | Epoch: [18][900/958]	Time  0.152 ( 0.163)	Data  0.001 ( 0.004)	ThroughPut 3372.99 (3214.23)	images/s	Loss 14.622 (14.133)	Acc@1  89.06 ( 89.11)	Acc@5  91.41 ( 91.87)	LR 0.1000 (0.1000)
 : save pth for epoch 19
2021-04-25 23:52:58 | INFO    | Epoch: [19][  0/958]	Time  2.463 ( 2.463)	Data  2.229 ( 2.229)	ThroughPut 207.84 (207.84)	images/s	Loss 12.784 (12.784)	Acc@1  89.84 ( 89.84)	Acc@5  91.99 ( 91.99)	LR 0.1000 (0.1000)
2021-04-25 23:53:15 | INFO    | Epoch: [19][100/958]	Time  0.153 ( 0.188)	Data  0.001 ( 0.023)	ThroughPut 3339.04 (3125.58)	images/s	Loss 14.133 (13.259)	Acc@1  90.43 ( 90.17)	Acc@5  92.77 ( 92.56)	LR 0.1000 (0.1000)
2021-04-25 23:53:30 | INFO    | Epoch: [19][200/958]	Time  0.149 ( 0.173)	Data  0.001 ( 0.012)	ThroughPut 3443.28 (3211.87)	images/s	Loss 13.246 (13.492)	Acc@1  91.41 ( 89.97)	Acc@5  94.14 ( 92.43)	LR 0.1000 (0.1000)
2021-04-25 23:53:46 | INFO    | Epoch: [19][300/958]	Time  0.204 ( 0.167)	Data  0.001 ( 0.009)	ThroughPut 2505.94 (3245.60)	images/s	Loss 12.993 (13.636)	Acc@1  91.60 ( 89.86)	Acc@5  94.34 ( 92.36)	LR 0.1000 (0.1000)
2021-04-25 23:54:02 | INFO    | Epoch: [19][400/958]	Time  0.155 ( 0.166)	Data  0.001 ( 0.007)	ThroughPut 3295.20 (3237.79)	images/s	Loss 14.189 (13.759)	Acc@1  88.67 ( 89.71)	Acc@5  91.02 ( 92.25)	LR 0.1000 (0.1000)
2021-04-25 23:54:18 | INFO    | Epoch: [19][500/958]	Time  0.151 ( 0.165)	Data  0.001 ( 0.006)	ThroughPut 3386.45 (3235.25)	images/s	Loss 13.802 (13.834)	Acc@1  91.21 ( 89.65)	Acc@5  93.55 ( 92.20)	LR 0.1000 (0.1000)
2021-04-25 23:54:34 | INFO    | Epoch: [19][600/958]	Time  0.144 ( 0.164)	Data  0.001 ( 0.005)	ThroughPut 3549.52 (3237.47)	images/s	Loss 14.829 (13.925)	Acc@1  88.67 ( 89.51)	Acc@5  91.02 ( 92.10)	LR 0.1000 (0.1000)
2021-04-25 23:54:50 | INFO    | Epoch: [19][700/958]	Time  0.140 ( 0.163)	Data  0.001 ( 0.004)	ThroughPut 3664.14 (3242.22)	images/s	Loss 13.897 (13.995)	Acc@1  89.65 ( 89.40)	Acc@5  92.38 ( 92.02)	LR 0.1000 (0.1000)
2021-04-25 23:55:06 | INFO    | Epoch: [19][800/958]	Time  0.156 ( 0.162)	Data  0.001 ( 0.004)	ThroughPut 3274.56 (3247.47)	images/s	Loss 14.933 (14.034)	Acc@1  87.50 ( 89.31)	Acc@5  90.23 ( 91.96)	LR 0.1000 (0.1000)
2021-04-25 23:55:21 | INFO    | Epoch: [19][900/958]	Time  0.138 ( 0.161)	Data  0.001 ( 0.004)	ThroughPut 3720.05 (3260.61)	images/s	Loss 14.541 (14.069)	Acc@1  89.26 ( 89.24)	Acc@5  91.80 ( 91.91)	LR 0.1000 (0.1000)
 : save pth for epoch 20
2021-04-25 23:55:33 | INFO    | Epoch: [20][  0/958]	Time  2.426 ( 2.426)	Data  2.179 ( 2.179)	ThroughPut 211.02 (211.02)	images/s	Loss 11.975 (11.975)	Acc@1  91.80 ( 91.80)	Acc@5  94.14 ( 94.14)	LR 0.1000 (0.1000)
2021-04-25 23:55:50 | INFO    | Epoch: [20][100/958]	Time  0.179 ( 0.184)	Data  0.001 ( 0.023)	ThroughPut 2868.24 (3183.79)	images/s	Loss 13.246 (13.116)	Acc@1  91.60 ( 90.65)	Acc@5  92.97 ( 92.87)	LR 0.1000 (0.1000)
2021-04-25 23:56:05 | INFO    | Epoch: [20][200/958]	Time  0.154 ( 0.171)	Data  0.001 ( 0.012)	ThroughPut 3316.55 (3227.94)	images/s	Loss 14.184 (13.372)	Acc@1  90.23 ( 90.27)	Acc@5  92.38 ( 92.62)	LR 0.1000 (0.1000)
2021-04-25 23:56:21 | INFO    | Epoch: [20][300/958]	Time  0.141 ( 0.167)	Data  0.001 ( 0.008)	ThroughPut 3635.86 (3242.35)	images/s	Loss 14.472 (13.548)	Acc@1  88.67 ( 90.02)	Acc@5  91.80 ( 92.42)	LR 0.1000 (0.1000)
2021-04-25 23:56:37 | INFO    | Epoch: [20][400/958]	Time  0.157 ( 0.165)	Data  0.001 ( 0.006)	ThroughPut 3256.43 (3242.53)	images/s	Loss 16.074 (13.712)	Acc@1  85.94 ( 89.76)	Acc@5  88.48 ( 92.25)	LR 0.1000 (0.1000)
2021-04-25 23:56:53 | INFO    | Epoch: [20][500/958]	Time  0.155 ( 0.164)	Data  0.001 ( 0.005)	ThroughPut 3302.47 (3243.65)	images/s	Loss 14.738 (13.812)	Acc@1  87.70 ( 89.64)	Acc@5  91.02 ( 92.17)	LR 0.1000 (0.1000)
2021-04-25 23:57:09 | INFO    | Epoch: [20][600/958]	Time  0.161 ( 0.163)	Data  0.001 ( 0.005)	ThroughPut 3182.78 (3253.92)	images/s	Loss 13.826 (13.880)	Acc@1  89.06 ( 89.53)	Acc@5  91.21 ( 92.12)	LR 0.1000 (0.1000)
2021-04-25 23:57:24 | INFO    | Epoch: [20][700/958]	Time  0.134 ( 0.162)	Data  0.001 ( 0.004)	ThroughPut 3809.53 (3258.13)	images/s	Loss 14.401 (13.933)	Acc@1  89.45 ( 89.46)	Acc@5  91.21 ( 92.05)	LR 0.1000 (0.1000)
2021-04-25 23:57:40 | INFO    | Epoch: [20][800/958]	Time  0.160 ( 0.162)	Data  0.001 ( 0.004)	ThroughPut 3195.22 (3257.20)	images/s	Loss 14.096 (13.995)	Acc@1  88.48 ( 89.33)	Acc@5  91.21 ( 91.97)	LR 0.1000 (0.1000)
2021-04-25 23:57:56 | INFO    | Epoch: [20][900/958]	Time  0.155 ( 0.161)	Data  0.001 ( 0.003)	ThroughPut 3300.38 (3262.49)	images/s	Loss 14.784 (14.032)	Acc@1  87.70 ( 89.27)	Acc@5  91.99 ( 91.93)	LR 0.1000 (0.1000)
 : save pth for epoch 21
2021-04-25 23:58:09 | INFO    | Epoch: [21][  0/958]	Time  2.456 ( 2.456)	Data  2.200 ( 2.200)	ThroughPut 208.47 (208.47)	images/s	Loss 13.237 (13.237)	Acc@1  90.82 ( 90.82)	Acc@5  93.16 ( 93.16)	LR 0.0100 (0.0100)
2021-04-25 23:58:25 | INFO    | Epoch: [21][100/958]	Time  0.161 ( 0.185)	Data  0.001 ( 0.023)	ThroughPut 3179.96 (3177.77)	images/s	Loss 10.927 (11.784)	Acc@1  92.38 ( 91.50)	Acc@5  94.14 ( 93.38)	LR 0.0100 (0.0100)
2021-04-25 23:58:41 | INFO    | Epoch: [21][200/958]	Time  0.213 ( 0.173)	Data  0.001 ( 0.012)	ThroughPut 2400.74 (3200.40)	images/s	Loss 10.870 (11.466)	Acc@1  91.99 ( 91.64)	Acc@5  94.53 ( 93.53)	LR 0.0100 (0.0100)
2021-04-25 23:58:57 | INFO    | Epoch: [21][300/958]	Time  0.157 ( 0.168)	Data  0.001 ( 0.008)	ThroughPut 3253.28 (3227.50)	images/s	Loss 10.308 (11.252)	Acc@1  92.38 ( 91.77)	Acc@5  93.95 ( 93.62)	LR 0.0100 (0.0100)
2021-04-25 23:59:13 | INFO    | Epoch: [21][400/958]	Time  0.158 ( 0.167)	Data  0.001 ( 0.007)	ThroughPut 3248.77 (3210.72)	images/s	Loss 9.726 (11.069)	Acc@1  92.77 ( 91.90)	Acc@5  95.12 ( 93.70)	LR 0.0100 (0.0100)
2021-04-25 23:59:29 | INFO    | Epoch: [21][500/958]	Time  0.153 ( 0.165)	Data  0.001 ( 0.005)	ThroughPut 3343.62 (3215.54)	images/s	Loss 11.662 (10.946)	Acc@1  89.26 ( 92.01)	Acc@5  91.99 ( 93.75)	LR 0.0100 (0.0100)
2021-04-25 23:59:45 | INFO    | Epoch: [21][600/958]	Time  0.152 ( 0.164)	Data  0.001 ( 0.005)	ThroughPut 3371.53 (3220.33)	images/s	Loss 9.527 (10.826)	Acc@1  94.92 ( 92.09)	Acc@5  96.48 ( 93.80)	LR 0.0100 (0.0100)
2021-04-26 00:00:01 | INFO    | Epoch: [21][700/958]	Time  0.173 ( 0.164)	Data  0.001 ( 0.004)	ThroughPut 2965.79 (3226.61)	images/s	Loss 11.007 (10.736)	Acc@1  91.99 ( 92.14)	Acc@5  93.16 ( 93.83)	LR 0.0100 (0.0100)
2021-04-26 00:00:17 | INFO    | Epoch: [21][800/958]	Time  0.210 ( 0.163)	Data  0.001 ( 0.004)	ThroughPut 2442.58 (3229.78)	images/s	Loss 10.019 (10.641)	Acc@1  91.80 ( 92.23)	Acc@5  93.36 ( 93.88)	LR 0.0100 (0.0100)
2021-04-26 00:00:33 | INFO    | Epoch: [21][900/958]	Time  0.177 ( 0.163)	Data  0.001 ( 0.004)	ThroughPut 2894.61 (3228.38)	images/s	Loss 9.335 (10.578)	Acc@1  93.95 ( 92.25)	Acc@5  95.51 ( 93.89)	LR 0.0100 (0.0100)
 : save pth for epoch 22
2021-04-26 00:00:45 | INFO    | Epoch: [22][  0/958]	Time  2.609 ( 2.609)	Data  2.355 ( 2.355)	ThroughPut 196.23 (196.23)	images/s	Loss 8.534 (8.534)	Acc@1  94.34 ( 94.34)	Acc@5  95.31 ( 95.31)	LR 0.0100 (0.0100)
2021-04-26 00:01:02 | INFO    | Epoch: [22][100/958]	Time  0.145 ( 0.190)	Data  0.001 ( 0.024)	ThroughPut 3542.14 (3104.15)	images/s	Loss 9.024 (9.267)	Acc@1  93.75 ( 93.35)	Acc@5  95.90 ( 94.58)	LR 0.0100 (0.0100)
2021-04-26 00:01:18 | INFO    | Epoch: [22][200/958]	Time  0.156 ( 0.175)	Data  0.000 ( 0.013)	ThroughPut 3278.94 (3159.52)	images/s	Loss 9.154 (9.192)	Acc@1  93.16 ( 93.31)	Acc@5  94.73 ( 94.57)	LR 0.0100 (0.0100)
2021-04-26 00:01:34 | INFO    | Epoch: [22][300/958]	Time  0.143 ( 0.170)	Data  0.001 ( 0.009)	ThroughPut 3580.67 (3179.55)	images/s	Loss 9.771 (9.203)	Acc@1  91.60 ( 93.27)	Acc@5  92.58 ( 94.52)	LR 0.0100 (0.0100)
2021-04-26 00:01:50 | INFO    | Epoch: [22][400/958]	Time  0.158 ( 0.168)	Data  0.001 ( 0.007)	ThroughPut 3239.22 (3185.67)	images/s	Loss 9.600 (9.193)	Acc@1  91.60 ( 93.25)	Acc@5  93.36 ( 94.52)	LR 0.0100 (0.0100)
2021-04-26 00:02:06 | INFO    | Epoch: [22][500/958]	Time  0.196 ( 0.166)	Data  0.001 ( 0.006)	ThroughPut 2618.53 (3198.42)	images/s	Loss 9.671 (9.195)	Acc@1  92.97 ( 93.25)	Acc@5  95.12 ( 94.53)	LR 0.0100 (0.0100)
2021-04-26 00:02:22 | INFO    | Epoch: [22][600/958]	Time  0.159 ( 0.165)	Data  0.001 ( 0.005)	ThroughPut 3212.89 (3212.62)	images/s	Loss 9.803 (9.188)	Acc@1  92.19 ( 93.26)	Acc@5  93.16 ( 94.54)	LR 0.0100 (0.0100)
2021-04-26 00:02:38 | INFO    | Epoch: [22][700/958]	Time  0.144 ( 0.164)	Data  0.000 ( 0.004)	ThroughPut 3565.55 (3224.80)	images/s	Loss 9.175 (9.177)	Acc@1  91.21 ( 93.28)	Acc@5  92.97 ( 94.55)	LR 0.0100 (0.0100)
2021-04-26 00:02:53 | INFO    | Epoch: [22][800/958]	Time  0.216 ( 0.163)	Data  0.001 ( 0.004)	ThroughPut 2370.52 (3232.49)	images/s	Loss 9.388 (9.184)	Acc@1  92.77 ( 93.25)	Acc@5  93.95 ( 94.53)	LR 0.0100 (0.0100)
2021-04-26 00:03:09 | INFO    | Epoch: [22][900/958]	Time  0.140 ( 0.163)	Data  0.001 ( 0.004)	ThroughPut 3644.23 (3236.68)	images/s	Loss 8.567 (9.182)	Acc@1  95.51 ( 93.26)	Acc@5  96.29 ( 94.52)	LR 0.0100 (0.0100)
 : save pth for epoch 23
2021-04-26 00:03:22 | INFO    | Epoch: [23][  0/958]	Time  2.427 ( 2.427)	Data  2.189 ( 2.189)	ThroughPut 210.92 (210.92)	images/s	Loss 9.002 (9.002)	Acc@1  93.55 ( 93.55)	Acc@5  94.14 ( 94.14)	LR 0.0100 (0.0100)
2021-04-26 00:03:38 | INFO    | Epoch: [23][100/958]	Time  0.159 ( 0.187)	Data  0.001 ( 0.023)	ThroughPut 3226.98 (3108.44)	images/s	Loss 7.704 (8.365)	Acc@1  95.90 ( 93.93)	Acc@5  96.29 ( 95.00)	LR 0.0100 (0.0100)
2021-04-26 00:03:54 | INFO    | Epoch: [23][200/958]	Time  0.170 ( 0.175)	Data  0.001 ( 0.012)	ThroughPut 3007.84 (3147.15)	images/s	Loss 8.393 (8.431)	Acc@1  93.95 ( 93.86)	Acc@5  95.70 ( 94.90)	LR 0.0100 (0.0100)
2021-04-26 00:04:11 | INFO    | Epoch: [23][300/958]	Time  0.156 ( 0.171)	Data  0.001 ( 0.008)	ThroughPut 3279.90 (3150.18)	images/s	Loss 9.115 (8.468)	Acc@1  91.60 ( 93.79)	Acc@5  93.36 ( 94.83)	LR 0.0100 (0.0100)
2021-04-26 00:04:27 | INFO    | Epoch: [23][400/958]	Time  0.156 ( 0.169)	Data  0.001 ( 0.007)	ThroughPut 3274.79 (3162.18)	images/s	Loss 9.386 (8.516)	Acc@1  92.97 ( 93.77)	Acc@5  94.53 ( 94.80)	LR 0.0100 (0.0100)
2021-04-26 00:04:43 | INFO    | Epoch: [23][500/958]	Time  0.162 ( 0.168)	Data  0.001 ( 0.005)	ThroughPut 3152.71 (3163.56)	images/s	Loss 9.280 (8.538)	Acc@1  92.58 ( 93.75)	Acc@5  93.55 ( 94.80)	LR 0.0100 (0.0100)
2021-04-26 00:04:59 | INFO    | Epoch: [23][600/958]	Time  0.167 ( 0.166)	Data  0.001 ( 0.005)	ThroughPut 3059.72 (3171.16)	images/s	Loss 9.196 (8.551)	Acc@1  92.58 ( 93.76)	Acc@5  93.55 ( 94.81)	LR 0.0100 (0.0100)
2021-04-26 00:05:15 | INFO    | Epoch: [23][700/958]	Time  0.156 ( 0.166)	Data  0.001 ( 0.004)	ThroughPut 3277.34 (3178.02)	images/s	Loss 9.173 (8.564)	Acc@1  92.19 ( 93.75)	Acc@5  94.14 ( 94.81)	LR 0.0100 (0.0100)
2021-04-26 00:05:31 | INFO    | Epoch: [23][800/958]	Time  0.142 ( 0.165)	Data  0.001 ( 0.004)	ThroughPut 3606.63 (3184.92)	images/s	Loss 8.633 (8.579)	Acc@1  94.14 ( 93.74)	Acc@5  95.51 ( 94.79)	LR 0.0100 (0.0100)
2021-04-26 00:05:47 | INFO    | Epoch: [23][900/958]	Time  0.141 ( 0.164)	Data  0.000 ( 0.004)	ThroughPut 3625.34 (3189.21)	images/s	Loss 8.187 (8.596)	Acc@1  93.75 ( 93.70)	Acc@5  94.73 ( 94.76)	LR 0.0100 (0.0100)
 : save pth for epoch 24
2021-04-26 00:06:00 | INFO    | Epoch: [24][  0/958]	Time  2.550 ( 2.550)	Data  2.306 ( 2.306)	ThroughPut 200.75 (200.75)	images/s	Loss 7.212 (7.212)	Acc@1  95.12 ( 95.12)	Acc@5  96.09 ( 96.09)	LR 0.0100 (0.0100)
2021-04-26 00:06:16 | INFO    | Epoch: [24][100/958]	Time  0.152 ( 0.189)	Data  0.001 ( 0.024)	ThroughPut 3373.50 (3101.20)	images/s	Loss 7.123 (7.902)	Acc@1  96.09 ( 94.20)	Acc@5  96.29 ( 95.09)	LR 0.0100 (0.0100)
2021-04-26 00:06:32 | INFO    | Epoch: [24][200/958]	Time  0.180 ( 0.175)	Data  0.001 ( 0.012)	ThroughPut 2842.97 (3142.61)	images/s	Loss 7.198 (7.961)	Acc@1  95.90 ( 94.19)	Acc@5  97.66 ( 95.08)	LR 0.0100 (0.0100)
2021-04-26 00:06:48 | INFO    | Epoch: [24][300/958]	Time  0.164 ( 0.169)	Data  0.001 ( 0.009)	ThroughPut 3125.62 (3190.67)	images/s	Loss 7.737 (7.985)	Acc@1  94.34 ( 94.18)	Acc@5  95.70 ( 95.11)	LR 0.0100 (0.0100)
2021-04-26 00:07:04 | INFO    | Epoch: [24][400/958]	Time  0.160 ( 0.166)	Data  0.001 ( 0.007)	ThroughPut 3201.49 (3219.65)	images/s	Loss 8.615 (8.047)	Acc@1  93.75 ( 94.11)	Acc@5  94.53 ( 95.05)	LR 0.0100 (0.0100)
2021-04-26 00:07:20 | INFO    | Epoch: [24][500/958]	Time  0.153 ( 0.165)	Data  0.001 ( 0.006)	ThroughPut 3335.52 (3227.12)	images/s	Loss 7.728 (8.094)	Acc@1  95.12 ( 94.06)	Acc@5  96.48 ( 95.00)	LR 0.0100 (0.0100)
2021-04-26 00:07:36 | INFO    | Epoch: [24][600/958]	Time  0.153 ( 0.164)	Data  0.001 ( 0.005)	ThroughPut 3351.21 (3230.14)	images/s	Loss 8.115 (8.132)	Acc@1  94.53 ( 94.06)	Acc@5  94.92 ( 94.99)	LR 0.0100 (0.0100)
2021-04-26 00:07:51 | INFO    | Epoch: [24][700/958]	Time  0.156 ( 0.163)	Data  0.001 ( 0.004)	ThroughPut 3291.23 (3241.59)	images/s	Loss 8.005 (8.171)	Acc@1  94.14 ( 94.03)	Acc@5  94.53 ( 94.97)	LR 0.0100 (0.0100)
2021-04-26 00:08:07 | INFO    | Epoch: [24][800/958]	Time  0.149 ( 0.162)	Data  0.001 ( 0.004)	ThroughPut 3442.27 (3252.01)	images/s	Loss 8.440 (8.196)	Acc@1  94.14 ( 94.01)	Acc@5  94.53 ( 94.95)	LR 0.0100 (0.0100)
2021-04-26 00:08:22 | INFO    | Epoch: [24][900/958]	Time  0.148 ( 0.161)	Data  0.001 ( 0.004)	ThroughPut 3468.83 (3262.81)	images/s	Loss 8.585 (8.222)	Acc@1  93.36 ( 93.98)	Acc@5  93.55 ( 94.93)	LR 0.0100 (0.0100)
 : save pth for epoch 25
2021-04-26 00:08:34 | INFO    | Epoch: [25][  0/958]	Time  2.426 ( 2.426)	Data  2.187 ( 2.187)	ThroughPut 211.08 (211.08)	images/s	Loss 8.120 (8.120)	Acc@1  93.95 ( 93.95)	Acc@5  95.31 ( 95.31)	LR 0.0100 (0.0100)
2021-04-26 00:08:50 | INFO    | Epoch: [25][100/958]	Time  0.151 ( 0.186)	Data  0.001 ( 0.023)	ThroughPut 3390.98 (3160.10)	images/s	Loss 7.503 (7.705)	Acc@1  93.36 ( 94.39)	Acc@5  94.14 ( 95.30)	LR 0.0100 (0.0100)
2021-04-26 00:09:07 | INFO    | Epoch: [25][200/958]	Time  0.162 ( 0.175)	Data  0.001 ( 0.012)	ThroughPut 3166.84 (3154.39)	images/s	Loss 7.911 (7.806)	Acc@1  95.12 ( 94.25)	Acc@5  95.31 ( 95.13)	LR 0.0100 (0.0100)
2021-04-26 00:09:23 | INFO    | Epoch: [25][300/958]	Time  0.155 ( 0.171)	Data  0.001 ( 0.008)	ThroughPut 3305.08 (3148.23)	images/s	Loss 7.826 (7.822)	Acc@1  93.55 ( 94.29)	Acc@5  94.34 ( 95.16)	LR 0.0100 (0.0100)
2021-04-26 00:09:40 | INFO    | Epoch: [25][400/958]	Time  0.161 ( 0.170)	Data  0.001 ( 0.007)	ThroughPut 3185.86 (3148.78)	images/s	Loss 6.924 (7.836)	Acc@1  95.90 ( 94.28)	Acc@5  97.07 ( 95.16)	LR 0.0100 (0.0100)
2021-04-26 00:09:55 | INFO    | Epoch: [25][500/958]	Time  0.153 ( 0.167)	Data  0.001 ( 0.005)	ThroughPut 3348.56 (3182.70)	images/s	Loss 8.496 (7.845)	Acc@1  93.95 ( 94.30)	Acc@5  94.73 ( 95.17)	LR 0.0100 (0.0100)
2021-04-26 00:10:11 | INFO    | Epoch: [25][600/958]	Time  0.154 ( 0.166)	Data  0.001 ( 0.005)	ThroughPut 3316.91 (3189.62)	images/s	Loss 8.391 (7.898)	Acc@1  94.73 ( 94.23)	Acc@5  95.51 ( 95.13)	LR 0.0100 (0.0100)
2021-04-26 00:10:27 | INFO    | Epoch: [25][700/958]	Time  0.164 ( 0.165)	Data  0.001 ( 0.004)	ThroughPut 3119.90 (3190.77)	images/s	Loss 7.584 (7.922)	Acc@1  94.92 ( 94.22)	Acc@5  95.90 ( 95.12)	LR 0.0100 (0.0100)
2021-04-26 00:10:43 | INFO    | Epoch: [25][800/958]	Time  0.152 ( 0.164)	Data  0.001 ( 0.004)	ThroughPut 3358.73 (3194.71)	images/s	Loss 7.838 (7.946)	Acc@1  94.92 ( 94.20)	Acc@5  95.12 ( 95.11)	LR 0.0100 (0.0100)
2021-04-26 00:10:59 | INFO    | Epoch: [25][900/958]	Time  0.135 ( 0.164)	Data  0.001 ( 0.004)	ThroughPut 3786.43 (3198.40)	images/s	Loss 8.369 (7.982)	Acc@1  93.75 ( 94.15)	Acc@5  94.73 ( 95.07)	LR 0.0100 (0.0100)
 : save pth for epoch 26
2021-04-26 00:11:12 | INFO    | Epoch: [26][  0/958]	Time  2.444 ( 2.444)	Data  2.170 ( 2.170)	ThroughPut 209.50 (209.50)	images/s	Loss 7.134 (7.134)	Acc@1  95.90 ( 95.90)	Acc@5  97.07 ( 97.07)	LR 0.0100 (0.0100)
2021-04-26 00:11:28 | INFO    | Epoch: [26][100/958]	Time  0.126 ( 0.184)	Data  0.001 ( 0.022)	ThroughPut 4069.94 (3194.53)	images/s	Loss 7.330 (7.499)	Acc@1  95.31 ( 94.49)	Acc@5  95.70 ( 95.36)	LR 0.0100 (0.0100)
2021-04-26 00:11:44 | INFO    | Epoch: [26][200/958]	Time  0.153 ( 0.172)	Data  0.001 ( 0.012)	ThroughPut 3336.94 (3224.79)	images/s	Loss 7.987 (7.519)	Acc@1  93.75 ( 94.46)	Acc@5  95.31 ( 95.33)	LR 0.0100 (0.0100)
2021-04-26 00:12:00 | INFO    | Epoch: [26][300/958]	Time  0.148 ( 0.167)	Data  0.001 ( 0.008)	ThroughPut 3464.53 (3234.94)	images/s	Loss 6.868 (7.560)	Acc@1  95.90 ( 94.44)	Acc@5  96.29 ( 95.30)	LR 0.0100 (0.0100)
2021-04-26 00:12:16 | INFO    | Epoch: [26][400/958]	Time  0.216 ( 0.166)	Data  0.001 ( 0.006)	ThroughPut 2368.84 (3235.15)	images/s	Loss 7.427 (7.632)	Acc@1  94.53 ( 94.36)	Acc@5  95.31 ( 95.21)	LR 0.0100 (0.0100)
2021-04-26 00:12:31 | INFO    | Epoch: [26][500/958]	Time  0.177 ( 0.164)	Data  0.001 ( 0.005)	ThroughPut 2894.65 (3246.60)	images/s	Loss 7.918 (7.655)	Acc@1  93.95 ( 94.36)	Acc@5  94.34 ( 95.21)	LR 0.0100 (0.0100)
2021-04-26 00:12:47 | INFO    | Epoch: [26][600/958]	Time  0.151 ( 0.163)	Data  0.001 ( 0.005)	ThroughPut 3396.65 (3254.71)	images/s	Loss 7.690 (7.700)	Acc@1  93.16 ( 94.34)	Acc@5  93.75 ( 95.19)	LR 0.0100 (0.0100)
2021-04-26 00:13:03 | INFO    | Epoch: [26][700/958]	Time  0.154 ( 0.162)	Data  0.001 ( 0.004)	ThroughPut 3334.36 (3263.07)	images/s	Loss 7.842 (7.736)	Acc@1  93.55 ( 94.32)	Acc@5  94.92 ( 95.17)	LR 0.0100 (0.0100)
2021-04-26 00:13:19 | INFO    | Epoch: [26][800/958]	Time  0.151 ( 0.162)	Data  0.000 ( 0.004)	ThroughPut 3394.10 (3259.24)	images/s	Loss 7.223 (7.768)	Acc@1  94.53 ( 94.31)	Acc@5  94.92 ( 95.16)	LR 0.0100 (0.0100)
2021-04-26 00:13:34 | INFO    | Epoch: [26][900/958]	Time  0.154 ( 0.161)	Data  0.001 ( 0.003)	ThroughPut 3330.55 (3271.49)	images/s	Loss 7.892 (7.803)	Acc@1  94.53 ( 94.29)	Acc@5  95.90 ( 95.15)	LR 0.0100 (0.0100)
 : save pth for epoch 27
2021-04-26 00:13:47 | INFO    | Epoch: [27][  0/958]	Time  2.433 ( 2.433)	Data  2.200 ( 2.200)	ThroughPut 210.47 (210.47)	images/s	Loss 6.882 (6.882)	Acc@1  94.73 ( 94.73)	Acc@5  95.70 ( 95.70)	LR 0.0100 (0.0100)
2021-04-26 00:14:03 | INFO    | Epoch: [27][100/958]	Time  0.250 ( 0.186)	Data  0.001 ( 0.023)	ThroughPut 2048.68 (3141.22)	images/s	Loss 8.084 (7.263)	Acc@1  93.55 ( 94.65)	Acc@5  94.53 ( 95.47)	LR 0.0100 (0.0100)
2021-04-26 00:14:19 | INFO    | Epoch: [27][200/958]	Time  0.157 ( 0.173)	Data  0.001 ( 0.012)	ThroughPut 3261.45 (3181.08)	images/s	Loss 7.504 (7.363)	Acc@1  94.14 ( 94.58)	Acc@5  95.12 ( 95.36)	LR 0.0100 (0.0100)
2021-04-26 00:14:35 | INFO    | Epoch: [27][300/958]	Time  0.172 ( 0.168)	Data  0.001 ( 0.008)	ThroughPut 2968.85 (3215.19)	images/s	Loss 7.180 (7.410)	Acc@1  95.90 ( 94.55)	Acc@5  96.48 ( 95.33)	LR 0.0100 (0.0100)
2021-04-26 00:14:50 | INFO    | Epoch: [27][400/958]	Time  0.162 ( 0.165)	Data  0.001 ( 0.007)	ThroughPut 3167.38 (3239.15)	images/s	Loss 6.939 (7.448)	Acc@1  94.92 ( 94.55)	Acc@5  96.09 ( 95.36)	LR 0.0100 (0.0100)
2021-04-26 00:15:06 | INFO    | Epoch: [27][500/958]	Time  0.181 ( 0.164)	Data  0.001 ( 0.006)	ThroughPut 2822.56 (3249.60)	images/s	Loss 8.738 (7.497)	Acc@1  93.16 ( 94.53)	Acc@5  94.14 ( 95.35)	LR 0.0100 (0.0100)
2021-04-26 00:15:22 | INFO    | Epoch: [27][600/958]	Time  0.136 ( 0.162)	Data  0.001 ( 0.005)	ThroughPut 3765.63 (3263.65)	images/s	Loss 7.778 (7.558)	Acc@1  94.34 ( 94.47)	Acc@5  95.51 ( 95.30)	LR 0.0100 (0.0100)
2021-04-26 00:15:37 | INFO    | Epoch: [27][700/958]	Time  0.166 ( 0.161)	Data  0.001 ( 0.004)	ThroughPut 3087.10 (3276.95)	images/s	Loss 8.483 (7.599)	Acc@1  94.92 ( 94.45)	Acc@5  95.70 ( 95.29)	LR 0.0100 (0.0100)
2021-04-26 00:15:53 | INFO    | Epoch: [27][800/958]	Time  0.136 ( 0.160)	Data  0.001 ( 0.004)	ThroughPut 3773.73 (3283.56)	images/s	Loss 8.257 (7.640)	Acc@1  93.95 ( 94.43)	Acc@5  94.53 ( 95.27)	LR 0.0100 (0.0100)
2021-04-26 00:16:09 | INFO    | Epoch: [27][900/958]	Time  0.176 ( 0.160)	Data  0.001 ( 0.004)	ThroughPut 2916.87 (3282.39)	images/s	Loss 8.001 (7.671)	Acc@1  94.14 ( 94.41)	Acc@5  95.51 ( 95.25)	LR 0.0100 (0.0100)
 : save pth for epoch 28
2021-04-26 00:16:21 | INFO    | Epoch: [28][  0/958]	Time  2.572 ( 2.572)	Data  2.300 ( 2.300)	ThroughPut 199.08 (199.08)	images/s	Loss 7.422 (7.422)	Acc@1  94.73 ( 94.73)	Acc@5  95.31 ( 95.31)	LR 0.0100 (0.0100)
2021-04-26 00:16:37 | INFO    | Epoch: [28][100/958]	Time  0.163 ( 0.185)	Data  0.001 ( 0.024)	ThroughPut 3147.47 (3177.25)	images/s	Loss 7.553 (7.102)	Acc@1  95.12 ( 94.86)	Acc@5  95.90 ( 95.63)	LR 0.0100 (0.0100)
2021-04-26 00:16:53 | INFO    | Epoch: [28][200/958]	Time  0.155 ( 0.173)	Data  0.001 ( 0.012)	ThroughPut 3299.40 (3209.49)	images/s	Loss 7.615 (7.220)	Acc@1  93.95 ( 94.74)	Acc@5  94.92 ( 95.53)	LR 0.0100 (0.0100)
2021-04-26 00:17:08 | INFO    | Epoch: [28][300/958]	Time  0.170 ( 0.167)	Data  0.001 ( 0.009)	ThroughPut 3013.22 (3257.81)	images/s	Loss 6.625 (7.260)	Acc@1  95.90 ( 94.71)	Acc@5  96.29 ( 95.51)	LR 0.0100 (0.0100)
2021-04-26 00:17:24 | INFO    | Epoch: [28][400/958]	Time  0.151 ( 0.163)	Data  0.001 ( 0.007)	ThroughPut 3394.14 (3291.36)	images/s	Loss 7.223 (7.311)	Acc@1  95.31 ( 94.71)	Acc@5  96.88 ( 95.50)	LR 0.0100 (0.0100)
2021-04-26 00:17:39 | INFO    | Epoch: [28][500/958]	Time  0.144 ( 0.161)	Data  0.001 ( 0.006)	ThroughPut 3555.67 (3302.84)	images/s	Loss 7.865 (7.358)	Acc@1  94.14 ( 94.70)	Acc@5  94.92 ( 95.49)	LR 0.0100 (0.0100)
2021-04-26 00:17:55 | INFO    | Epoch: [28][600/958]	Time  0.150 ( 0.161)	Data  0.001 ( 0.005)	ThroughPut 3406.08 (3298.64)	images/s	Loss 7.047 (7.407)	Acc@1  94.14 ( 94.66)	Acc@5  94.92 ( 95.45)	LR 0.0100 (0.0100)
2021-04-26 00:18:11 | INFO    | Epoch: [28][700/958]	Time  0.154 ( 0.161)	Data  0.001 ( 0.004)	ThroughPut 3324.14 (3292.29)	images/s	Loss 7.981 (7.471)	Acc@1  93.55 ( 94.61)	Acc@5  93.95 ( 95.41)	LR 0.0100 (0.0100)
2021-04-26 00:18:27 | INFO    | Epoch: [28][800/958]	Time  0.151 ( 0.161)	Data  0.001 ( 0.004)	ThroughPut 3387.57 (3283.42)	images/s	Loss 8.203 (7.532)	Acc@1  93.36 ( 94.57)	Acc@5  94.73 ( 95.38)	LR 0.0100 (0.0100)
2021-04-26 00:18:43 | INFO    | Epoch: [28][900/958]	Time  0.136 ( 0.160)	Data  0.001 ( 0.004)	ThroughPut 3773.58 (3279.37)	images/s	Loss 8.147 (7.576)	Acc@1  94.53 ( 94.53)	Acc@5  95.90 ( 95.35)	LR 0.0100 (0.0100)
 : save pth for epoch 29
2021-04-26 00:18:55 | INFO    | Epoch: [29][  0/958]	Time  2.510 ( 2.510)	Data  2.188 ( 2.188)	ThroughPut 204.00 (204.00)	images/s	Loss 7.460 (7.460)	Acc@1  95.31 ( 95.31)	Acc@5  95.90 ( 95.90)	LR 0.0010 (0.0010)
2021-04-26 00:19:11 | INFO    | Epoch: [29][100/958]	Time  0.137 ( 0.186)	Data  0.001 ( 0.023)	ThroughPut 3749.75 (3155.61)	images/s	Loss 6.662 (6.741)	Acc@1  95.31 ( 94.95)	Acc@5  95.51 ( 95.66)	LR 0.0010 (0.0010)
2021-04-26 00:19:27 | INFO    | Epoch: [29][200/958]	Time  0.164 ( 0.172)	Data  0.001 ( 0.012)	ThroughPut 3125.02 (3223.70)	images/s	Loss 7.427 (6.710)	Acc@1  93.55 ( 94.98)	Acc@5  94.34 ( 95.71)	LR 0.0010 (0.0010)
2021-04-26 00:19:42 | INFO    | Epoch: [29][300/958]	Time  0.135 ( 0.166)	Data  0.001 ( 0.008)	ThroughPut 3784.74 (3254.05)	images/s	Loss 6.244 (6.672)	Acc@1  95.90 ( 95.01)	Acc@5  97.46 ( 95.76)	LR 0.0010 (0.0010)
2021-04-26 00:19:58 | INFO    | Epoch: [29][400/958]	Time  0.132 ( 0.163)	Data  0.001 ( 0.007)	ThroughPut 3885.69 (3279.28)	images/s	Loss 6.181 (6.645)	Acc@1  95.70 ( 95.02)	Acc@5  96.09 ( 95.75)	LR 0.0010 (0.0010)
2021-04-26 00:20:13 | INFO    | Epoch: [29][500/958]	Time  0.139 ( 0.162)	Data  0.001 ( 0.006)	ThroughPut 3676.00 (3289.79)	images/s	Loss 6.805 (6.646)	Acc@1  94.14 ( 94.99)	Acc@5  94.73 ( 95.72)	LR 0.0010 (0.0010)
2021-04-26 00:20:29 | INFO    | Epoch: [29][600/958]	Time  0.167 ( 0.160)	Data  0.001 ( 0.005)	ThroughPut 3067.23 (3305.00)	images/s	Loss 6.285 (6.644)	Acc@1  95.51 ( 94.98)	Acc@5  95.51 ( 95.72)	LR 0.0010 (0.0010)
2021-04-26 00:20:44 | INFO    | Epoch: [29][700/958]	Time  0.165 ( 0.160)	Data  0.001 ( 0.004)	ThroughPut 3109.96 (3295.99)	images/s	Loss 6.924 (6.644)	Acc@1  94.73 ( 94.97)	Acc@5  95.31 ( 95.72)	LR 0.0010 (0.0010)
2021-04-26 00:21:00 | INFO    | Epoch: [29][800/958]	Time  0.141 ( 0.160)	Data  0.001 ( 0.004)	ThroughPut 3628.01 (3292.32)	images/s	Loss 6.679 (6.634)	Acc@1  94.53 ( 94.97)	Acc@5  95.70 ( 95.72)	LR 0.0010 (0.0010)
2021-04-26 00:21:16 | INFO    | Epoch: [29][900/958]	Time  0.161 ( 0.160)	Data  0.001 ( 0.004)	ThroughPut 3177.01 (3288.94)	images/s	Loss 6.128 (6.618)	Acc@1  96.68 ( 94.99)	Acc@5  97.46 ( 95.74)	LR 0.0010 (0.0010)
 : save pth for epoch 30
2021-04-26 00:21:28 | INFO    | Epoch: [30][  0/958]	Time  2.406 ( 2.406)	Data  2.160 ( 2.160)	ThroughPut 212.78 (212.78)	images/s	Loss 6.741 (6.741)	Acc@1  94.73 ( 94.73)	Acc@5  95.12 ( 95.12)	LR 0.0010 (0.0010)
2021-04-26 00:21:45 | INFO    | Epoch: [30][100/958]	Time  0.170 ( 0.186)	Data  0.001 ( 0.023)	ThroughPut 3015.61 (3141.99)	images/s	Loss 6.341 (6.417)	Acc@1  94.92 ( 95.10)	Acc@5  97.07 ( 95.83)	LR 0.0010 (0.0010)
2021-04-26 00:22:01 | INFO    | Epoch: [30][200/958]	Time  0.138 ( 0.175)	Data  0.001 ( 0.012)	ThroughPut 3714.82 (3149.37)	images/s	Loss 6.242 (6.416)	Acc@1  94.73 ( 95.02)	Acc@5  95.12 ( 95.80)	LR 0.0010 (0.0010)
2021-04-26 00:22:17 | INFO    | Epoch: [30][300/958]	Time  0.225 ( 0.170)	Data  0.001 ( 0.008)	ThroughPut 2275.85 (3166.65)	images/s	Loss 5.959 (6.412)	Acc@1  96.29 ( 95.08)	Acc@5  96.88 ( 95.85)	LR 0.0010 (0.0010)
2021-04-26 00:22:33 | INFO    | Epoch: [30][400/958]	Time  0.150 ( 0.168)	Data  0.001 ( 0.007)	ThroughPut 3411.37 (3187.17)	images/s	Loss 6.440 (6.402)	Acc@1  95.31 ( 95.08)	Acc@5  96.48 ( 95.86)	LR 0.0010 (0.0010)
2021-04-26 00:22:49 | INFO    | Epoch: [30][500/958]	Time  0.148 ( 0.167)	Data  0.001 ( 0.005)	ThroughPut 3449.57 (3183.39)	images/s	Loss 6.711 (6.392)	Acc@1  94.14 ( 95.10)	Acc@5  94.53 ( 95.86)	LR 0.0010 (0.0010)
2021-04-26 00:23:05 | INFO    | Epoch: [30][600/958]	Time  0.140 ( 0.165)	Data  0.001 ( 0.005)	ThroughPut 3661.91 (3204.01)	images/s	Loss 5.542 (6.394)	Acc@1  96.48 ( 95.11)	Acc@5  96.88 ( 95.85)	LR 0.0010 (0.0010)
2021-04-26 00:23:20 | INFO    | Epoch: [30][700/958]	Time  0.155 ( 0.163)	Data  0.001 ( 0.004)	ThroughPut 3302.28 (3231.34)	images/s	Loss 6.407 (6.390)	Acc@1  94.92 ( 95.13)	Acc@5  96.09 ( 95.87)	LR 0.0010 (0.0010)
2021-04-26 00:23:36 | INFO    | Epoch: [30][800/958]	Time  0.146 ( 0.162)	Data  0.001 ( 0.004)	ThroughPut 3495.12 (3249.18)	images/s	Loss 5.808 (6.389)	Acc@1  95.90 ( 95.13)	Acc@5  96.48 ( 95.86)	LR 0.0010 (0.0010)
2021-04-26 00:23:51 | INFO    | Epoch: [30][900/958]	Time  0.155 ( 0.161)	Data  0.001 ( 0.004)	ThroughPut 3301.31 (3264.67)	images/s	Loss 7.107 (6.401)	Acc@1  94.14 ( 95.11)	Acc@5  95.12 ( 95.83)	LR 0.0010 (0.0010)
 : save pth for epoch 31
2021-04-26 00:24:03 | INFO    | Epoch: [31][  0/958]	Time  2.506 ( 2.506)	Data  2.206 ( 2.206)	ThroughPut 204.32 (204.32)	images/s	Loss 5.994 (5.994)	Acc@1  96.09 ( 96.09)	Acc@5  96.68 ( 96.68)	LR 0.0010 (0.0010)
2021-04-26 00:24:19 | INFO    | Epoch: [31][100/958]	Time  0.136 ( 0.185)	Data  0.001 ( 0.023)	ThroughPut 3773.78 (3185.82)	images/s	Loss 6.569 (6.257)	Acc@1  94.34 ( 95.30)	Acc@5  95.51 ( 95.99)	LR 0.0010 (0.0010)
2021-04-26 00:24:36 | INFO    | Epoch: [31][200/958]	Time  0.153 ( 0.174)	Data  0.001 ( 0.012)	ThroughPut 3339.33 (3189.48)	images/s	Loss 6.266 (6.244)	Acc@1  94.73 ( 95.24)	Acc@5  95.90 ( 95.92)	LR 0.0010 (0.0010)
2021-04-26 00:24:52 | INFO    | Epoch: [31][300/958]	Time  0.161 ( 0.169)	Data  0.001 ( 0.008)	ThroughPut 3176.66 (3212.54)	images/s	Loss 6.261 (6.247)	Acc@1  95.90 ( 95.22)	Acc@5  96.68 ( 95.91)	LR 0.0010 (0.0010)
2021-04-26 00:25:07 | INFO    | Epoch: [31][400/958]	Time  0.133 ( 0.166)	Data  0.001 ( 0.007)	ThroughPut 3854.89 (3224.51)	images/s	Loss 5.842 (6.255)	Acc@1  96.68 ( 95.23)	Acc@5  96.88 ( 95.90)	LR 0.0010 (0.0010)
2021-04-26 00:25:23 | INFO    | Epoch: [31][500/958]	Time  0.139 ( 0.164)	Data  0.001 ( 0.006)	ThroughPut 3693.26 (3249.11)	images/s	Loss 6.752 (6.274)	Acc@1  95.31 ( 95.22)	Acc@5  96.09 ( 95.88)	LR 0.0010 (0.0010)
2021-04-26 00:25:38 | INFO    | Epoch: [31][600/958]	Time  0.170 ( 0.162)	Data  0.001 ( 0.005)	ThroughPut 3013.42 (3265.05)	images/s	Loss 6.504 (6.278)	Acc@1  95.12 ( 95.20)	Acc@5  96.09 ( 95.88)	LR 0.0010 (0.0010)
2021-04-26 00:25:54 | INFO    | Epoch: [31][700/958]	Time  0.134 ( 0.161)	Data  0.001 ( 0.004)	ThroughPut 3831.21 (3283.75)	images/s	Loss 6.786 (6.271)	Acc@1  93.55 ( 95.23)	Acc@5  94.34 ( 95.90)	LR 0.0010 (0.0010)
2021-04-26 00:26:09 | INFO    | Epoch: [31][800/958]	Time  0.152 ( 0.160)	Data  0.001 ( 0.004)	ThroughPut 3379.04 (3288.34)	images/s	Loss 6.391 (6.267)	Acc@1  96.09 ( 95.23)	Acc@5  96.29 ( 95.91)	LR 0.0010 (0.0010)
2021-04-26 00:26:25 | INFO    | Epoch: [31][900/958]	Time  0.210 ( 0.160)	Data  0.001 ( 0.004)	ThroughPut 2441.78 (3290.44)	images/s	Loss 6.937 (6.280)	Acc@1  93.95 ( 95.22)	Acc@5  94.73 ( 95.90)	LR 0.0010 (0.0010)
 : save pth for epoch 32
2021-04-26 00:26:37 | INFO    | Epoch: [32][  0/958]	Time  2.560 ( 2.560)	Data  2.300 ( 2.300)	ThroughPut 199.98 (199.98)	images/s	Loss 5.845 (5.845)	Acc@1  97.07 ( 97.07)	Acc@5  97.46 ( 97.46)	LR 0.0010 (0.0010)
2021-04-26 00:26:54 | INFO    | Epoch: [32][100/958]	Time  0.157 ( 0.188)	Data  0.001 ( 0.024)	ThroughPut 3251.03 (3117.80)	images/s	Loss 5.631 (6.110)	Acc@1  95.90 ( 95.32)	Acc@5  96.29 ( 96.04)	LR 0.0010 (0.0010)
2021-04-26 00:27:09 | INFO    | Epoch: [32][200/958]	Time  0.149 ( 0.173)	Data  0.001 ( 0.013)	ThroughPut 3438.80 (3193.99)	images/s	Loss 6.626 (6.172)	Acc@1  94.14 ( 95.28)	Acc@5  94.73 ( 95.98)	LR 0.0010 (0.0010)
2021-04-26 00:27:25 | INFO    | Epoch: [32][300/958]	Time  0.173 ( 0.166)	Data  0.001 ( 0.009)	ThroughPut 2961.90 (3260.10)	images/s	Loss 6.487 (6.180)	Acc@1  95.31 ( 95.28)	Acc@5  95.31 ( 95.97)	LR 0.0010 (0.0010)
2021-04-26 00:27:40 | INFO    | Epoch: [32][400/958]	Time  0.152 ( 0.164)	Data  0.001 ( 0.007)	ThroughPut 3374.65 (3273.10)	images/s	Loss 6.270 (6.190)	Acc@1  95.31 ( 95.26)	Acc@5  95.90 ( 95.94)	LR 0.0010 (0.0010)
2021-04-26 00:27:56 | INFO    | Epoch: [32][500/958]	Time  0.148 ( 0.162)	Data  0.001 ( 0.006)	ThroughPut 3458.67 (3292.31)	images/s	Loss 5.750 (6.194)	Acc@1  95.12 ( 95.25)	Acc@5  95.90 ( 95.93)	LR 0.0010 (0.0010)
2021-04-26 00:28:11 | INFO    | Epoch: [32][600/958]	Time  0.141 ( 0.161)	Data  0.001 ( 0.005)	ThroughPut 3644.05 (3303.22)	images/s	Loss 6.695 (6.196)	Acc@1  94.73 ( 95.25)	Acc@5  95.31 ( 95.93)	LR 0.0010 (0.0010)
2021-04-26 00:28:27 | INFO    | Epoch: [32][700/958]	Time  0.171 ( 0.160)	Data  0.001 ( 0.004)	ThroughPut 2996.13 (3304.62)	images/s	Loss 5.390 (6.198)	Acc@1  96.68 ( 95.25)	Acc@5  97.27 ( 95.93)	LR 0.0010 (0.0010)
2021-04-26 00:28:42 | INFO    | Epoch: [32][800/958]	Time  0.164 ( 0.159)	Data  0.001 ( 0.004)	ThroughPut 3112.61 (3314.13)	images/s	Loss 6.124 (6.198)	Acc@1  94.92 ( 95.25)	Acc@5  95.51 ( 95.93)	LR 0.0010 (0.0010)
2021-04-26 00:28:57 | INFO    | Epoch: [32][900/958]	Time  0.165 ( 0.159)	Data  0.001 ( 0.004)	ThroughPut 3094.45 (3317.37)	images/s	Loss 6.062 (6.198)	Acc@1  96.48 ( 95.26)	Acc@5  96.88 ( 95.94)	LR 0.0010 (0.0010)
 : save pth for epoch 33
